Log started 06/17/2021 at 10:01:33
Preferred installation mode : unattended
Trying to init installer in mode unattended
Mode unattended successfully initialized
Preparing to Install
Preparing to Install
Creating directory /home/blake/ti/ti-cgt-arm_16.9.6.LTS
Unpacking files
Directory already exists: /home/blake/ti/ti-cgt-arm_16.9.6.LTS
Creating directory /home/blake/ti/ti-cgt-arm_16.9.6.LTS/lib
Creating directory /home/blake/ti/ti-cgt-arm_16.9.6.LTS/lib/src
Creating directory /home/blake/ti/ti-cgt-arm_16.9.6.LTS/lib/src/AUTOSAR31
Creating directory /home/blake/ti/ti-cgt-arm_16.9.6.LTS/include
Creating directory /home/blake/ti/ti-cgt-arm_16.9.6.LTS/include/AUTOSAR31
Creating directory /home/blake/ti/ti-cgt-arm_16.9.6.LTS/bin
Creating directory /home/blake/ti/ti-cgt-arm_16.9.6.LTS/man
Creating directory /home/blake/ti/ti-cgt-arm_16.9.6.LTS/man/man1
Unpacking files
Unpacking /home/blake/ti/ti-cgt-arm_16.9.6.LTS/ARM-CGT-16_16_9_3_LTS.json
Unpacking /home/blake/ti/ti-cgt-arm_16.9.6.LTS/ARM-CGT-16_16_9_1_LTS.json
Unpacking /home/blake/ti/ti-cgt-arm_16.9.6.LTS/ARM-CGT-16_16_9_0_LTS.json
Unpacking /home/blake/ti/ti-cgt-arm_16.9.6.LTS/misra.txt
Unpacking /home/blake/ti/ti-cgt-arm_16.9.6.LTS/Closed_defects.html
Unpacking /home/blake/ti/ti-cgt-arm_16.9.6.LTS/arm_rts_16_9_0_LTS-5D08A7C6-FD5E-4de4-8222-962F213D6F88.spdx
Unpacking /home/blake/ti/ti-cgt-arm_16.9.6.LTS/ARMCodeGenerationTools_16.9.0.LTS_manifest.html
Unpacking /home/blake/ti/ti-cgt-arm_16.9.6.LTS/ARM-CGT-16_16_9_2_LTS.json
Unpacking /home/blake/ti/ti-cgt-arm_16.9.6.LTS/README.txt
Unpacking /home/blake/ti/ti-cgt-arm_16.9.6.LTS/ARM-CGT-16_16_9_4_LTS.json
Unpacking /home/blake/ti/ti-cgt-arm_16.9.6.LTS/Open_defects.html
Unpacking /home/blake/ti/ti-cgt-arm_16.9.6.LTS/lib/rtsv7R4_T_le_v3D16_eabi.lib
Unpacking /home/blake/ti/ti-cgt-arm_16.9.6.LTS/lib/rtsv5_A_le_eabi.lib
Unpacking /home/blake/ti/ti-cgt-arm_16.9.6.LTS/lib/rtsv7M3_T_le_eabi.lib
Unpacking /home/blake/ti/ti-cgt-arm_16.9.6.LTS/lib/mklib.c
Unpacking /home/blake/ti/ti-cgt-arm_16.9.6.LTS/lib/rtsv7M4_T_le_xo_eabi.lib
Unpacking /home/blake/ti/ti-cgt-arm_16.9.6.LTS/lib/rtsv7M4_T_le_eabi.lib
Unpacking /home/blake/ti/ti-cgt-arm_16.9.6.LTS/lib/lnk.cmd
Unpacking /home/blake/ti/ti-cgt-arm_16.9.6.LTS/lib/rtsv7M4_T_le_v4SPD16_eabi.lib
Unpacking /home/blake/ti/ti-cgt-arm_16.9.6.LTS/lib/libc.a
Unpacking /home/blake/ti/ti-cgt-arm_16.9.6.LTS/lib/rtsv7M3_T_le_xo_eabi.lib
Unpacking /home/blake/ti/ti-cgt-arm_16.9.6.LTS/lib/rtsv7R4_T_be_eabi.lib
Unpacking /home/blake/ti/ti-cgt-arm_16.9.6.LTS/lib/mklib
Unpacking /home/blake/ti/ti-cgt-arm_16.9.6.LTS/lib/rtsv7A8_T_le_n_v3_eabi.lib
Unpacking /home/blake/ti/ti-cgt-arm_16.9.6.LTS/lib/rtsv7M4_T_le_v4SPD16_xo_eabi.lib
Unpacking /home/blake/ti/ti-cgt-arm_16.9.6.LTS/lib/rtsv7R4_T_be_v3D16_eabi.lib
Unpacking /home/blake/ti/ti-cgt-arm_16.9.6.LTS/lib/src/streambuf
Unpacking /home/blake/ti/ti-cgt-arm_16.9.6.LTS/lib/src/s_log1pf.c
Unpacking /home/blake/ti/ti-cgt-arm_16.9.6.LTS/lib/src/hostgetenv.c
Unpacking /home/blake/ti/ti-cgt-arm_16.9.6.LTS/lib/src/s__alloc.c
Unpacking /home/blake/ti/ti-cgt-arm_16.9.6.LTS/lib/src/fopen.c
Unpacking /home/blake/ti/ti-cgt-arm_16.9.6.LTS/lib/src/complex
Unpacking /home/blake/ti/ti-cgt-arm_16.9.6.LTS/lib/src/s_p__set.h
Unpacking /home/blake/ti/ti-cgt-arm_16.9.6.LTS/lib/src/ispunct.c
Unpacking /home/blake/ti/ti-cgt-arm_16.9.6.LTS/lib/src/locale
Unpacking /home/blake/ti/ti-cgt-arm_16.9.6.LTS/lib/src/s__rope.h
Unpacking /home/blake/ti/ti-cgt-arm_16.9.6.LTS/lib/src/vector
Unpacking /home/blake/ti/ti-cgt-arm_16.9.6.LTS/lib/src/tgmath.h
Unpacking /home/blake/ti/ti-cgt-arm_16.9.6.LTS/lib/src/strtoull.c
Unpacking /home/blake/ti/ti-cgt-arm_16.9.6.LTS/lib/src/stkchk32.asm
Unpacking /home/blake/ti/ti-cgt-arm_16.9.6.LTS/lib/src/s__monetary.h
Unpacking /home/blake/ti/ti-cgt-arm_16.9.6.LTS/lib/src/vla_alloc.cpp
Unpacking /home/blake/ti/ti-cgt-arm_16.9.6.LTS/lib/src/isupper.c
Unpacking /home/blake/ti/ti-cgt-arm_16.9.6.LTS/lib/src/s_ccosh.c
Unpacking /home/blake/ti/ti-cgt-arm_16.9.6.LTS/lib/src/s__ios.c
Unpacking /home/blake/ti/ti-cgt-arm_16.9.6.LTS/lib/src/strchr.c
Unpacking /home/blake/ti/ti-cgt-arm_16.9.6.LTS/lib/src/snprintf.c
Unpacking /home/blake/ti/ti-cgt-arm_16.9.6.LTS/lib/src/fd_toull_t2.asm
Unpacking /home/blake/ti/ti-cgt-arm_16.9.6.LTS/lib/src/strtok.c
Unpacking /home/blake/ti/ti-cgt-arm_16.9.6.LTS/lib/src/cargs.h
Unpacking /home/blake/ti/ti-cgt-arm_16.9.6.LTS/lib/src/e_hypot.c
Unpacking /home/blake/ti/ti-cgt-arm_16.9.6.LTS/lib/src/s_lround.c
Unpacking /home/blake/ti/ti-cgt-arm_16.9.6.LTS/lib/src/atoi.c
Unpacking /home/blake/ti/ti-cgt-arm_16.9.6.LTS/lib/src/strrchr.c
Unpacking /home/blake/ti/ti-cgt-arm_16.9.6.LTS/lib/src/s__relops_hash_cont.h
Unpacking /home/blake/ti/ti-cgt-arm_16.9.6.LTS/lib/src/memchr.c
Unpacking /home/blake/ti/ti-cgt-arm_16.9.6.LTS/lib/src/e_acoshf.c
Unpacking /home/blake/ti/ti-cgt-arm_16.9.6.LTS/lib/src/toupper.c
Unpacking /home/blake/ti/ti-cgt-arm_16.9.6.LTS/lib/src/ecvt.c
Unpacking /home/blake/ti/ti-cgt-arm_16.9.6.LTS/lib/src/strtoimax.c
Unpacking /home/blake/ti/ti-cgt-arm_16.9.6.LTS/lib/src/ull_tofd_t2.asm
Unpacking /home/blake/ti/ti-cgt-arm_16.9.6.LTS/lib/src/pprof_user.c
Unpacking /home/blake/ti/ti-cgt-arm_16.9.6.LTS/lib/src/ull_tofs_t2.asm
Unpacking /home/blake/ti/ti-cgt-arm_16.9.6.LTS/lib/src/s_cprojl.c
Unpacking /home/blake/ti/ti-cgt-arm_16.9.6.LTS/lib/src/strerror.c
Unpacking /home/blake/ti/ti-cgt-arm_16.9.6.LTS/lib/src/toascii.c
Unpacking /home/blake/ti/ti-cgt-arm_16.9.6.LTS/lib/src/ltoa.c
Unpacking /home/blake/ti/ti-cgt-arm_16.9.6.LTS/lib/src/s__complex.c
Unpacking /home/blake/ti/ti-cgt-arm_16.9.6.LTS/lib/src/cpy_tbl.c
Unpacking /home/blake/ti/ti-cgt-arm_16.9.6.LTS/lib/src/unordered_map
Unpacking /home/blake/ti/ti-cgt-arm_16.9.6.LTS/lib/src/e_log10.c
Unpacking /home/blake/ti/ti-cgt-arm_16.9.6.LTS/lib/src/typeinfo
Unpacking /home/blake/ti/ti-cgt-arm_16.9.6.LTS/lib/src/s_tgammaf.c
Unpacking /home/blake/ti/ti-cgt-arm_16.9.6.LTS/lib/src/strcat.c
Unpacking /home/blake/ti/ti-cgt-arm_16.9.6.LTS/lib/src/delnothrow.cpp
Unpacking /home/blake/ti/ti-cgt-arm_16.9.6.LTS/lib/src/e_rem_pio2.c
Unpacking /home/blake/ti/ti-cgt-arm_16.9.6.LTS/lib/src/cfloat
Unpacking /home/blake/ti/ti-cgt-arm_16.9.6.LTS/lib/src/sdpbk16.asm
Unpacking /home/blake/ti/ti-cgt-arm_16.9.6.LTS/lib/src/s__streambuf.h
Unpacking /home/blake/ti/ti-cgt-arm_16.9.6.LTS/lib/src/wcscmp.c
Unpacking /home/blake/ti/ti-cgt-arm_16.9.6.LTS/lib/src/unaligned.asm
Unpacking /home/blake/ti/ti-cgt-arm_16.9.6.LTS/lib/src/array_new.cpp
Unpacking /home/blake/ti/ti-cgt-arm_16.9.6.LTS/lib/src/s_fabsf.c
Unpacking /home/blake/ti/ti-cgt-arm_16.9.6.LTS/lib/src/s_carg.c
Unpacking /home/blake/ti/ti-cgt-arm_16.9.6.LTS/lib/src/fd_toi_t2.asm
Unpacking /home/blake/ti/ti-cgt-arm_16.9.6.LTS/lib/src/read.c
Unpacking /home/blake/ti/ti-cgt-arm_16.9.6.LTS/lib/src/s__fstream.c
Unpacking /home/blake/ti/ti-cgt-arm_16.9.6.LTS/lib/src/w_cabs.c
Unpacking /home/blake/ti/ti-cgt-arm_16.9.6.LTS/lib/src/s__pair.h
Unpacking /home/blake/ti/ti-cgt-arm_16.9.6.LTS/lib/src/tdeh_uwentry16.asm
Unpacking /home/blake/ti/ti-cgt-arm_16.9.6.LTS/lib/src/s_c_host.h
Unpacking /home/blake/ti/ti-cgt-arm_16.9.6.LTS/lib/src/k_log.h
Unpacking /home/blake/ti/ti-cgt-arm_16.9.6.LTS/lib/src/s_cosf.c
Unpacking /home/blake/ti/ti-cgt-arm_16.9.6.LTS/lib/src/bzero.c
Unpacking /home/blake/ti/ti-cgt-arm_16.9.6.LTS/lib/src/s__hashtable.h
Unpacking /home/blake/ti/ti-cgt-arm_16.9.6.LTS/lib/src/exit.c
Unpacking /home/blake/ti/ti-cgt-arm_16.9.6.LTS/lib/src/s__string_hash.h
Unpacking /home/blake/ti/ti-cgt-arm_16.9.6.LTS/lib/src/s_nexttowardf.c
Unpacking /home/blake/ti/ti-cgt-arm_16.9.6.LTS/lib/src/aeabi_portable.c
Unpacking /home/blake/ti/ti-cgt-arm_16.9.6.LTS/lib/src/slist
Unpacking /home/blake/ti/ti-cgt-arm_16.9.6.LTS/lib/src/ti_fenv.c
Unpacking /home/blake/ti/ti-cgt-arm_16.9.6.LTS/lib/src/_pthread.c
Unpacking /home/blake/ti/ti-cgt-arm_16.9.6.LTS/lib/src/ungetc.c
Unpacking /home/blake/ti/ti-cgt-arm_16.9.6.LTS/lib/src/localtim.c
Unpacking /home/blake/ti/ti-cgt-arm_16.9.6.LTS/lib/src/pthread_alloc
Unpacking /home/blake/ti/ti-cgt-arm_16.9.6.LTS/lib/src/w_cabsl.c
Unpacking /home/blake/ti/ti-cgt-arm_16.9.6.LTS/lib/src/s_d__debug.h
Unpacking /home/blake/ti/ti-cgt-arm_16.9.6.LTS/lib/src/fenv-softfloat.h
Unpacking /home/blake/ti/ti-cgt-arm_16.9.6.LTS/lib/src/s__config_compat_post.h
Unpacking /home/blake/ti/ti-cgt-arm_16.9.6.LTS/lib/src/c99_complex.c
Unpacking /home/blake/ti/ti-cgt-arm_16.9.6.LTS/lib/src/atof.c
Unpacking /home/blake/ti/ti-cgt-arm_16.9.6.LTS/lib/src/sprintf.c
Unpacking /home/blake/ti/ti-cgt-arm_16.9.6.LTS/lib/src/fstream
Unpacking /home/blake/ti/ti-cgt-arm_16.9.6.LTS/lib/src/aligned_buffer.h
Unpacking /home/blake/ti/ti-cgt-arm_16.9.6.LTS/lib/src/new
Unpacking /home/blake/ti/ti-cgt-arm_16.9.6.LTS/lib/src/s__list.h
Unpacking /home/blake/ti/ti-cgt-arm_16.9.6.LTS/lib/src/stkdepth_vars.c
Unpacking /home/blake/ti/ti-cgt-arm_16.9.6.LTS/lib/src/fsetpos.c
Unpacking /home/blake/ti/ti-cgt-arm_16.9.6.LTS/lib/src/s__stdexcept_base.h
Unpacking /home/blake/ti/ti-cgt-arm_16.9.6.LTS/lib/src/s_c_features.h
Unpacking /home/blake/ti/ti-cgt-arm_16.9.6.LTS/lib/src/open.c
Unpacking /home/blake/ti/ti-cgt-arm_16.9.6.LTS/lib/src/ll_tofd16.asm
Unpacking /home/blake/ti/ti-cgt-arm_16.9.6.LTS/lib/src/s_cproj.c
Unpacking /home/blake/ti/ti-cgt-arm_16.9.6.LTS/lib/src/s__string_sum_methods.h
Unpacking /home/blake/ti/ti-cgt-arm_16.9.6.LTS/lib/src/file.h
Unpacking /home/blake/ti/ti-cgt-arm_16.9.6.LTS/lib/src/fgetpos.c
Unpacking /home/blake/ti/ti-cgt-arm_16.9.6.LTS/lib/src/fs_add32.asm
Unpacking /home/blake/ti/ti-cgt-arm_16.9.6.LTS/lib/src/etsi.h
Unpacking /home/blake/ti/ti-cgt-arm_16.9.6.LTS/lib/src/cstdio
Unpacking /home/blake/ti/ti-cgt-arm_16.9.6.LTS/lib/src/fd_mul_t2.asm
Unpacking /home/blake/ti/ti-cgt-arm_16.9.6.LTS/lib/src/_defs.h
Unpacking /home/blake/ti/ti-cgt-arm_16.9.6.LTS/lib/src/s_erf.c
Unpacking /home/blake/ti/ti-cgt-arm_16.9.6.LTS/lib/src/format.h
Unpacking /home/blake/ti/ti-cgt-arm_16.9.6.LTS/lib/src/e_log10f.c
Unpacking /home/blake/ti/ti-cgt-arm_16.9.6.LTS/lib/src/ciso646
Unpacking /home/blake/ti/ti-cgt-arm_16.9.6.LTS/lib/src/printf.c
Unpacking /home/blake/ti/ti-cgt-arm_16.9.6.LTS/lib/src/fgets.c
Unpacking /home/blake/ti/ti-cgt-arm_16.9.6.LTS/lib/src/_isfuncdef.h
Unpacking /home/blake/ti/ti-cgt-arm_16.9.6.LTS/lib/src/defines.h
Unpacking /home/blake/ti/ti-cgt-arm_16.9.6.LTS/lib/src/s_cpowl.c
Unpacking /home/blake/ti/ti-cgt-arm_16.9.6.LTS/lib/src/stkdepth.c
Unpacking /home/blake/ti/ti-cgt-arm_16.9.6.LTS/lib/src/b_exp.c
Unpacking /home/blake/ti/ti-cgt-arm_16.9.6.LTS/lib/src/trgcio.h
Unpacking /home/blake/ti/ti-cgt-arm_16.9.6.LTS/lib/src/memcpy_t2.asm
Unpacking /home/blake/ti/ti-cgt-arm_16.9.6.LTS/lib/src/e_coshf.c
Unpacking /home/blake/ti/ti-cgt-arm_16.9.6.LTS/lib/src/s__exception.h
Unpacking /home/blake/ti/ti-cgt-arm_16.9.6.LTS/lib/src/s_cimag.c
Unpacking /home/blake/ti/ti-cgt-arm_16.9.6.LTS/lib/src/bad_alloc.cpp
Unpacking /home/blake/ti/ti-cgt-arm_16.9.6.LTS/lib/src/memccpy.c
Unpacking /home/blake/ti/ti-cgt-arm_16.9.6.LTS/lib/src/s__string_npos.h
Unpacking /home/blake/ti/ti-cgt-arm_16.9.6.LTS/lib/src/s__ios_base.h
Unpacking /home/blake/ti/ti-cgt-arm_16.9.6.LTS/lib/src/eh.h
Unpacking /home/blake/ti/ti-cgt-arm_16.9.6.LTS/lib/src/rename.c
Unpacking /home/blake/ti/ti-cgt-arm_16.9.6.LTS/lib/src/tdeh_cpp_abi.cpp
Unpacking /home/blake/ti/ti-cgt-arm_16.9.6.LTS/lib/src/s__stdexcept.h
Unpacking /home/blake/ti/ti-cgt-arm_16.9.6.LTS/lib/src/no_stm_memset_t2.asm
Unpacking /home/blake/ti/ti-cgt-arm_16.9.6.LTS/lib/src/i_tofd_t2.asm
Unpacking /home/blake/ti/ti-cgt-arm_16.9.6.LTS/lib/src/s_remquof.c
Unpacking /home/blake/ti/ti-cgt-arm_16.9.6.LTS/lib/src/fd_div16.asm
Unpacking /home/blake/ti/ti-cgt-arm_16.9.6.LTS/lib/src/s_llroundf.c
Unpacking /home/blake/ti/ti-cgt-arm_16.9.6.LTS/lib/src/stdbool.h
Unpacking /home/blake/ti/ti-cgt-arm_16.9.6.LTS/lib/src/sdpbk32.asm
Unpacking /home/blake/ti/ti-cgt-arm_16.9.6.LTS/lib/src/s_truncf.c
Unpacking /home/blake/ti/ti-cgt-arm_16.9.6.LTS/lib/src/sdpbk_t2.asm
Unpacking /home/blake/ti/ti-cgt-arm_16.9.6.LTS/lib/src/stdio_streambuf.cpp
Unpacking /home/blake/ti/ti-cgt-arm_16.9.6.LTS/lib/src/ll_lsl_t2.asm
Unpacking /home/blake/ti/ti-cgt-arm_16.9.6.LTS/lib/src/s_fmaf.c
Unpacking /home/blake/ti/ti-cgt-arm_16.9.6.LTS/lib/src/sscanf.c
Unpacking /home/blake/ti/ti-cgt-arm_16.9.6.LTS/lib/src/s__iterator.h
Unpacking /home/blake/ti/ti-cgt-arm_16.9.6.LTS/lib/src/e_asin.c
Unpacking /home/blake/ti/ti-cgt-arm_16.9.6.LTS/lib/src/ull_div32.asm
Unpacking /home/blake/ti/ti-cgt-arm_16.9.6.LTS/lib/src/s_cexp.c
Unpacking /home/blake/ti/ti-cgt-arm_16.9.6.LTS/lib/src/e_atanh.c
Unpacking /home/blake/ti/ti-cgt-arm_16.9.6.LTS/lib/src/ull_tofd_ti_vfp.c
Unpacking /home/blake/ti/ti-cgt-arm_16.9.6.LTS/lib/src/time.c
Unpacking /home/blake/ti/ti-cgt-arm_16.9.6.LTS/lib/src/s__threads.h
Unpacking /home/blake/ti/ti-cgt-arm_16.9.6.LTS/lib/src/s__unordered_set.h
Unpacking /home/blake/ti/ti-cgt-arm_16.9.6.LTS/lib/src/ull_tofd16.asm
Unpacking /home/blake/ti/ti-cgt-arm_16.9.6.LTS/lib/src/fd_eabi_t2.asm
Unpacking /home/blake/ti/ti-cgt-arm_16.9.6.LTS/lib/src/s_exp2f.c
Unpacking /home/blake/ti/ti-cgt-arm_16.9.6.LTS/lib/src/basics.h
Unpacking /home/blake/ti/ti-cgt-arm_16.9.6.LTS/lib/src/fputs.c
Unpacking /home/blake/ti/ti-cgt-arm_16.9.6.LTS/lib/src/s__slist_base.h
Unpacking /home/blake/ti/ti-cgt-arm_16.9.6.LTS/lib/src/s_creall.c
Unpacking /home/blake/ti/ti-cgt-arm_16.9.6.LTS/lib/src/umull16.asm
Unpacking /home/blake/ti/ti-cgt-arm_16.9.6.LTS/lib/src/s_llrint.c
Unpacking /home/blake/ti/ti-cgt-arm_16.9.6.LTS/lib/src/memmove_eabi.asm
Unpacking /home/blake/ti/ti-cgt-arm_16.9.6.LTS/lib/src/s__raw_storage_iter.h
Unpacking /home/blake/ti/ti-cgt-arm_16.9.6.LTS/lib/src/k_cos.c
Unpacking /home/blake/ti/ti-cgt-arm_16.9.6.LTS/lib/src/map
Unpacking /home/blake/ti/ti-cgt-arm_16.9.6.LTS/lib/src/ftell.c
Unpacking /home/blake/ti/ti-cgt-arm_16.9.6.LTS/lib/src/isalnum.c
Unpacking /home/blake/ti/ti-cgt-arm_16.9.6.LTS/lib/src/elf_linkage.h
Unpacking /home/blake/ti/ti-cgt-arm_16.9.6.LTS/lib/src/_dtor_list.h
Unpacking /home/blake/ti/ti-cgt-arm_16.9.6.LTS/lib/src/error.h
Unpacking /home/blake/ti/ti-cgt-arm_16.9.6.LTS/lib/src/fs_toi_t2.asm
Unpacking /home/blake/ti/ti-cgt-arm_16.9.6.LTS/lib/src/iostream
Unpacking /home/blake/ti/ti-cgt-arm_16.9.6.LTS/lib/src/s__iosfwd.h
Unpacking /home/blake/ti/ti-cgt-arm_16.9.6.LTS/lib/src/s__function_adaptors.h
Unpacking /home/blake/ti/ti-cgt-arm_16.9.6.LTS/lib/src/s__strstream.h
Unpacking /home/blake/ti/ti-cgt-arm_16.9.6.LTS/lib/src/s_clog.c
Unpacking /home/blake/ti/ti-cgt-arm_16.9.6.LTS/lib/src/s__ctime.h
Unpacking /home/blake/ti/ti-cgt-arm_16.9.6.LTS/lib/src/cxxabi.h
Unpacking /home/blake/ti/ti-cgt-arm_16.9.6.LTS/lib/src/codecvt.cpp
Unpacking /home/blake/ti/ti-cgt-arm_16.9.6.LTS/lib/src/iostream.cpp
Unpacking /home/blake/ti/ti-cgt-arm_16.9.6.LTS/lib/src/time64.c
Unpacking /home/blake/ti/ti-cgt-arm_16.9.6.LTS/lib/src/delete.cpp
Unpacking /home/blake/ti/ti-cgt-arm_16.9.6.LTS/lib/src/ll_asr_t2.asm
Unpacking /home/blake/ti/ti-cgt-arm_16.9.6.LTS/lib/src/e_atan2.c
Unpacking /home/blake/ti/ti-cgt-arm_16.9.6.LTS/lib/src/fenv.h
Unpacking /home/blake/ti/ti-cgt-arm_16.9.6.LTS/lib/src/difftime64.c
Unpacking /home/blake/ti/ti-cgt-arm_16.9.6.LTS/lib/src/fs_mul_t2.asm
Unpacking /home/blake/ti/ti-cgt-arm_16.9.6.LTS/lib/src/memcpy16.asm
Unpacking /home/blake/ti/ti-cgt-arm_16.9.6.LTS/lib/src/multibyte.c
Unpacking /home/blake/ti/ti-cgt-arm_16.9.6.LTS/lib/src/_stdio_file.h
Unpacking /home/blake/ti/ti-cgt-arm_16.9.6.LTS/lib/src/_data_synch.c
Unpacking /home/blake/ti/ti-cgt-arm_16.9.6.LTS/lib/src/s__tree.c
Unpacking /home/blake/ti/ti-cgt-arm_16.9.6.LTS/lib/src/copy_decompress_rle.c
Unpacking /home/blake/ti/ti-cgt-arm_16.9.6.LTS/lib/src/s__cwctype.h
Unpacking /home/blake/ti/ti-cgt-arm_16.9.6.LTS/lib/src/lldiv.c
Unpacking /home/blake/ti/ti-cgt-arm_16.9.6.LTS/lib/src/perror.c
Unpacking /home/blake/ti/ti-cgt-arm_16.9.6.LTS/lib/src/placedel.cpp
Unpacking /home/blake/ti/ti-cgt-arm_16.9.6.LTS/lib/src/s__cmath.h
Unpacking /home/blake/ti/ti-cgt-arm_16.9.6.LTS/lib/src/numpunct.cpp
Unpacking /home/blake/ti/ti-cgt-arm_16.9.6.LTS/lib/src/facets_byname.cpp
Unpacking /home/blake/ti/ti-cgt-arm_16.9.6.LTS/lib/src/stddef.h
Unpacking /home/blake/ti/ti-cgt-arm_16.9.6.LTS/lib/src/wchar.h
Unpacking /home/blake/ti/ti-cgt-arm_16.9.6.LTS/lib/src/tdeh_pr_arm.cpp
Unpacking /home/blake/ti/ti-cgt-arm_16.9.6.LTS/lib/src/vtbl.h
Unpacking /home/blake/ti/ti-cgt-arm_16.9.6.LTS/lib/src/fs_tou16.asm
Unpacking /home/blake/ti/ti-cgt-arm_16.9.6.LTS/lib/src/s__hashtable.c
Unpacking /home/blake/ti/ti-cgt-arm_16.9.6.LTS/lib/src/s_cimagf.c
Unpacking /home/blake/ti/ti-cgt-arm_16.9.6.LTS/lib/src/cerrno
Unpacking /home/blake/ti/ti-cgt-arm_16.9.6.LTS/lib/src/strxfrm.c
Unpacking /home/blake/ti/ti-cgt-arm_16.9.6.LTS/lib/src/s__deque.h
Unpacking /home/blake/ti/ti-cgt-arm_16.9.6.LTS/lib/src/time.h
Unpacking /home/blake/ti/ti-cgt-arm_16.9.6.LTS/lib/src/bcopy.c
Unpacking /home/blake/ti/ti-cgt-arm_16.9.6.LTS/lib/src/vla_alloc.h
Unpacking /home/blake/ti/ti-cgt-arm_16.9.6.LTS/lib/src/s_atanf.c
Unpacking /home/blake/ti/ti-cgt-arm_16.9.6.LTS/lib/src/_mutex.c
Unpacking /home/blake/ti/ti-cgt-arm_16.9.6.LTS/lib/src/trgmsg.c
Unpacking /home/blake/ti/ti-cgt-arm_16.9.6.LTS/lib/src/ldiv.c
Unpacking /home/blake/ti/ti-cgt-arm_16.9.6.LTS/lib/src/startup.c
Unpacking /home/blake/ti/ti-cgt-arm_16.9.6.LTS/lib/src/strcoll.c
Unpacking /home/blake/ti/ti-cgt-arm_16.9.6.LTS/lib/src/signal.h
Unpacking /home/blake/ti/ti-cgt-arm_16.9.6.LTS/lib/src/s__num_get.h
Unpacking /home/blake/ti/ti-cgt-arm_16.9.6.LTS/lib/src/s_csqrt.c
Unpacking /home/blake/ti/ti-cgt-arm_16.9.6.LTS/lib/src/wchar.c
Unpacking /home/blake/ti/ti-cgt-arm_16.9.6.LTS/lib/src/complex.cpp
Unpacking /home/blake/ti/ti-cgt-arm_16.9.6.LTS/lib/src/mktime.c
Unpacking /home/blake/ti/ti-cgt-arm_16.9.6.LTS/lib/src/islower.c
Unpacking /home/blake/ti/ti-cgt-arm_16.9.6.LTS/lib/src/float.h
Unpacking /home/blake/ti/ti-cgt-arm_16.9.6.LTS/lib/src/s__ctraits_fns.h
Unpacking /home/blake/ti/ti-cgt-arm_16.9.6.LTS/lib/src/setjmp_t2.asm
Unpacking /home/blake/ti/ti-cgt-arm_16.9.6.LTS/lib/src/s_log1p.c
Unpacking /home/blake/ti/ti-cgt-arm_16.9.6.LTS/lib/src/algorithm
Unpacking /home/blake/ti/ti-cgt-arm_16.9.6.LTS/lib/src/k_sin.c
Unpacking /home/blake/ti/ti-cgt-arm_16.9.6.LTS/lib/src/e_lgammaf.c
Unpacking /home/blake/ti/ti-cgt-arm_16.9.6.LTS/lib/src/memcpy.c
Unpacking /home/blake/ti/ti-cgt-arm_16.9.6.LTS/lib/src/s_lrint.c
Unpacking /home/blake/ti/ti-cgt-arm_16.9.6.LTS/lib/src/boot.asm
Unpacking /home/blake/ti/ti-cgt-arm_16.9.6.LTS/lib/src/utility
Unpacking /home/blake/ti/ti-cgt-arm_16.9.6.LTS/lib/src/exception
Unpacking /home/blake/ti/ti-cgt-arm_16.9.6.LTS/lib/src/tmpnam.c
Unpacking /home/blake/ti/ti-cgt-arm_16.9.6.LTS/lib/src/wmemset.c
Unpacking /home/blake/ti/ti-cgt-arm_16.9.6.LTS/lib/src/linkage.h
Unpacking /home/blake/ti/ti-cgt-arm_16.9.6.LTS/lib/src/ll_tofs32.asm
Unpacking /home/blake/ti/ti-cgt-arm_16.9.6.LTS/lib/src/s_p__list.h
Unpacking /home/blake/ti/ti-cgt-arm_16.9.6.LTS/lib/src/hash_map
Unpacking /home/blake/ti/ti-cgt-arm_16.9.6.LTS/lib/src/fd_toull_ti_vfp.c
Unpacking /home/blake/ti/ti-cgt-arm_16.9.6.LTS/lib/src/fwrite.c
Unpacking /home/blake/ti/ti-cgt-arm_16.9.6.LTS/lib/src/fflush.c
Unpacking /home/blake/ti/ti-cgt-arm_16.9.6.LTS/lib/src/strcspn.c
Unpacking /home/blake/ti/ti-cgt-arm_16.9.6.LTS/lib/src/iosfwd
Unpacking /home/blake/ti/ti-cgt-arm_16.9.6.LTS/lib/src/add_device.c
Unpacking /home/blake/ti/ti-cgt-arm_16.9.6.LTS/lib/src/s__slist.c
Unpacking /home/blake/ti/ti-cgt-arm_16.9.6.LTS/lib/src/hosttime.c
Unpacking /home/blake/ti/ti-cgt-arm_16.9.6.LTS/lib/src/isxdigit.c
Unpacking /home/blake/ti/ti-cgt-arm_16.9.6.LTS/lib/src/tdeh_common.h
Unpacking /home/blake/ti/ti-cgt-arm_16.9.6.LTS/lib/src/e_sqrtf.c
Unpacking /home/blake/ti/ti-cgt-arm_16.9.6.LTS/lib/src/strncpy.c
Unpacking /home/blake/ti/ti-cgt-arm_16.9.6.LTS/lib/src/s_char_traits.h
Unpacking /home/blake/ti/ti-cgt-arm_16.9.6.LTS/lib/src/feof.c
Unpacking /home/blake/ti/ti-cgt-arm_16.9.6.LTS/lib/src/fd_tou_t2.asm
Unpacking /home/blake/ti/ti-cgt-arm_16.9.6.LTS/lib/src/typeinfo_.cpp
Unpacking /home/blake/ti/ti-cgt-arm_16.9.6.LTS/lib/src/s_concept_checks.h
Unpacking /home/blake/ti/ti-cgt-arm_16.9.6.LTS/lib/src/s__map.h
Unpacking /home/blake/ti/ti-cgt-arm_16.9.6.LTS/lib/src/fs_toll_t2.asm
Unpacking /home/blake/ti/ti-cgt-arm_16.9.6.LTS/lib/src/complex_io.cpp
Unpacking /home/blake/ti/ti-cgt-arm_16.9.6.LTS/lib/src/k_tan.c
Unpacking /home/blake/ti/ti-cgt-arm_16.9.6.LTS/lib/src/pprof.h
Unpacking /home/blake/ti/ti-cgt-arm_16.9.6.LTS/lib/src/fputc.c
Unpacking /home/blake/ti/ti-cgt-arm_16.9.6.LTS/lib/src/ll_tofs16.asm
Unpacking /home/blake/ti/ti-cgt-arm_16.9.6.LTS/lib/src/_scanfi_nf.c
Unpacking /home/blake/ti/ti-cgt-arm_16.9.6.LTS/lib/src/strtol.c
Unpacking /home/blake/ti/ti-cgt-arm_16.9.6.LTS/lib/src/_scanfi.c
Unpacking /home/blake/ti/ti-cgt-arm_16.9.6.LTS/lib/src/e_log.c
Unpacking /home/blake/ti/ti-cgt-arm_16.9.6.LTS/lib/src/array_del.cpp
Unpacking /home/blake/ti/ti-cgt-arm_16.9.6.LTS/lib/src/s__cctype.h
Unpacking /home/blake/ti/ti-cgt-arm_16.9.6.LTS/lib/src/fs_toi32.asm
Unpacking /home/blake/ti/ti-cgt-arm_16.9.6.LTS/lib/src/s_fabs.c
Unpacking /home/blake/ti/ti-cgt-arm_16.9.6.LTS/lib/src/s_expm1f.c
Unpacking /home/blake/ti/ti-cgt-arm_16.9.6.LTS/lib/src/s__iterator_base.h
Unpacking /home/blake/ti/ti-cgt-arm_16.9.6.LTS/lib/src/catrigf.c
Unpacking /home/blake/ti/ti-cgt-arm_16.9.6.LTS/lib/src/s_roundf.c
Unpacking /home/blake/ti/ti-cgt-arm_16.9.6.LTS/lib/src/wcsncmp.c
Unpacking /home/blake/ti/ti-cgt-arm_16.9.6.LTS/lib/src/strtoumax.c
Unpacking /home/blake/ti/ti-cgt-arm_16.9.6.LTS/lib/src/placenew.cpp
Unpacking /home/blake/ti/ti-cgt-arm_16.9.6.LTS/lib/src/ll_tofd_ti_vfp.c
Unpacking /home/blake/ti/ti-cgt-arm_16.9.6.LTS/lib/src/s__algo.h
Unpacking /home/blake/ti/ti-cgt-arm_16.9.6.LTS/lib/src/fs_toll32.asm
Unpacking /home/blake/ti/ti-cgt-arm_16.9.6.LTS/lib/src/hash_set
Unpacking /home/blake/ti/ti-cgt-arm_16.9.6.LTS/lib/src/fs_tou_t2.asm
Unpacking /home/blake/ti/ti-cgt-arm_16.9.6.LTS/lib/src/stlport_prefix.h
Unpacking /home/blake/ti/ti-cgt-arm_16.9.6.LTS/lib/src/fenv.c
Unpacking /home/blake/ti/ti-cgt-arm_16.9.6.LTS/lib/src/s_trunc.c
Unpacking /home/blake/ti/ti-cgt-arm_16.9.6.LTS/lib/src/s_csqrtf.c
Unpacking /home/blake/ti/ti-cgt-arm_16.9.6.LTS/lib/src/s_llrintl.c
Unpacking /home/blake/ti/ti-cgt-arm_16.9.6.LTS/lib/src/string.h
Unpacking /home/blake/ti/ti-cgt-arm_16.9.6.LTS/lib/src/fprintf.c
Unpacking /home/blake/ti/ti-cgt-arm_16.9.6.LTS/lib/src/e_rem_pio2f.c
Unpacking /home/blake/ti/ti-cgt-arm_16.9.6.LTS/lib/src/s__heap.c
Unpacking /home/blake/ti/ti-cgt-arm_16.9.6.LTS/lib/src/e_remainder.c
Unpacking /home/blake/ti/ti-cgt-arm_16.9.6.LTS/lib/src/s_crealf.c
Unpacking /home/blake/ti/ti-cgt-arm_16.9.6.LTS/lib/src/fclose.c
Unpacking /home/blake/ti/ti-cgt-arm_16.9.6.LTS/lib/src/t_fstream_stdio.c
Unpacking /home/blake/ti/ti-cgt-arm_16.9.6.LTS/lib/src/fd_cmp32.asm
Unpacking /home/blake/ti/ti-cgt-arm_16.9.6.LTS/lib/src/index.c
Unpacking /home/blake/ti/ti-cgt-arm_16.9.6.LTS/lib/src/cwchar
Unpacking /home/blake/ti/ti-cgt-arm_16.9.6.LTS/lib/src/s_llrintf.c
Unpacking /home/blake/ti/ti-cgt-arm_16.9.6.LTS/lib/src/i_tofs_t2.asm
Unpacking /home/blake/ti/ti-cgt-arm_16.9.6.LTS/lib/src/s_frexpf.c
Unpacking /home/blake/ti/ti-cgt-arm_16.9.6.LTS/lib/src/s__codecvt.h
Unpacking /home/blake/ti/ti-cgt-arm_16.9.6.LTS/lib/src/inttypes.h
Unpacking /home/blake/ti/ti-cgt-arm_16.9.6.LTS/lib/src/strings.h
Unpacking /home/blake/ti/ti-cgt-arm_16.9.6.LTS/lib/src/csignal
Unpacking /home/blake/ti/ti-cgt-arm_16.9.6.LTS/lib/src/s__limits.h
Unpacking /home/blake/ti/ti-cgt-arm_16.9.6.LTS/lib/src/s_creal.c
Unpacking /home/blake/ti/ti-cgt-arm_16.9.6.LTS/lib/src/s_cbrtf.c
Unpacking /home/blake/ti/ti-cgt-arm_16.9.6.LTS/lib/src/e_acosf.c
Unpacking /home/blake/ti/ti-cgt-arm_16.9.6.LTS/lib/src/s__unordered_map.h
Unpacking /home/blake/ti/ti-cgt-arm_16.9.6.LTS/lib/src/ull_cmp_t2.asm
Unpacking /home/blake/ti/ti-cgt-arm_16.9.6.LTS/lib/src/ll_div32.asm
Unpacking /home/blake/ti/ti-cgt-arm_16.9.6.LTS/lib/src/ull_div_t2.asm
Unpacking /home/blake/ti/ti-cgt-arm_16.9.6.LTS/lib/src/errno.c
Unpacking /home/blake/ti/ti-cgt-arm_16.9.6.LTS/lib/src/fread.c
Unpacking /home/blake/ti/ti-cgt-arm_16.9.6.LTS/lib/src/runtime.h
Unpacking /home/blake/ti/ti-cgt-arm_16.9.6.LTS/lib/src/s__numpunct.h
Unpacking /home/blake/ti/ti-cgt-arm_16.9.6.LTS/lib/src/unlink.c
Unpacking /home/blake/ti/ti-cgt-arm_16.9.6.LTS/lib/src/ffs.c
Unpacking /home/blake/ti/ti-cgt-arm_16.9.6.LTS/lib/src/ull_div16.asm
Unpacking /home/blake/ti/ti-cgt-arm_16.9.6.LTS/lib/src/s_lroundf.c
Unpacking /home/blake/ti/ti-cgt-arm_16.9.6.LTS/lib/src/u_tofd32.asm
Unpacking /home/blake/ti/ti-cgt-arm_16.9.6.LTS/lib/src/isspace.c
Unpacking /home/blake/ti/ti-cgt-arm_16.9.6.LTS/lib/src/bcmp.c
Unpacking /home/blake/ti/ti-cgt-arm_16.9.6.LTS/lib/src/s__num_put.c
Unpacking /home/blake/ti/ti-cgt-arm_16.9.6.LTS/lib/src/strtod.c
Unpacking /home/blake/ti/ti-cgt-arm_16.9.6.LTS/lib/src/sinit.c
Unpacking /home/blake/ti/ti-cgt-arm_16.9.6.LTS/lib/src/fs_eabi_t2.asm
Unpacking /home/blake/ti/ti-cgt-arm_16.9.6.LTS/lib/src/s_c_compat.h
Unpacking /home/blake/ti/ti-cgt-arm_16.9.6.LTS/lib/src/ll_tofs_ti_vfp.c
Unpacking /home/blake/ti/ti-cgt-arm_16.9.6.LTS/lib/src/cwctype
Unpacking /home/blake/ti/ti-cgt-arm_16.9.6.LTS/lib/src/fd_eabi.asm
Unpacking /home/blake/ti/ti-cgt-arm_16.9.6.LTS/lib/src/s_scalbn.c
Unpacking /home/blake/ti/ti-cgt-arm_16.9.6.LTS/lib/src/ctype.h
Unpacking /home/blake/ti/ti-cgt-arm_16.9.6.LTS/lib/src/tdeh_uwentry_arm.asm
Unpacking /home/blake/ti/ti-cgt-arm_16.9.6.LTS/lib/src/s__stlport_version.h
Unpacking /home/blake/ti/ti-cgt-arm_16.9.6.LTS/lib/src/s_llround.c
Unpacking /home/blake/ti/ti-cgt-arm_16.9.6.LTS/lib/src/s_frexp.c
Unpacking /home/blake/ti/ti-cgt-arm_16.9.6.LTS/lib/src/tolower.c
Unpacking /home/blake/ti/ti-cgt-arm_16.9.6.LTS/lib/src/s__uninitialized.h
Unpacking /home/blake/ti/ti-cgt-arm_16.9.6.LTS/lib/src/stdlib.h
Unpacking /home/blake/ti/ti-cgt-arm_16.9.6.LTS/lib/src/rtti.cpp
Unpacking /home/blake/ti/ti-cgt-arm_16.9.6.LTS/lib/src/strtold.c
Unpacking /home/blake/ti/ti-cgt-arm_16.9.6.LTS/lib/src/fd_toi32.asm
Unpacking /home/blake/ti/ti-cgt-arm_16.9.6.LTS/lib/src/s_lrintf.c
Unpacking /home/blake/ti/ti-cgt-arm_16.9.6.LTS/lib/src/s_asinhf.c
Unpacking /home/blake/ti/ti-cgt-arm_16.9.6.LTS/lib/src/s_c_stl_confix.h
Unpacking /home/blake/ti/ti-cgt-arm_16.9.6.LTS/lib/src/s__move_construct_fwk.h
Unpacking /home/blake/ti/ti-cgt-arm_16.9.6.LTS/lib/src/s__time_facets.h
Unpacking /home/blake/ti/ti-cgt-arm_16.9.6.LTS/lib/src/hostunlink.c
Unpacking /home/blake/ti/ti-cgt-arm_16.9.6.LTS/lib/src/e_typeinfo
Unpacking /home/blake/ti/ti-cgt-arm_16.9.6.LTS/lib/src/_lock.c
Unpacking /home/blake/ti/ti-cgt-arm_16.9.6.LTS/lib/src/labs.c
Unpacking /home/blake/ti/ti-cgt-arm_16.9.6.LTS/lib/src/memset16.asm
Unpacking /home/blake/ti/ti-cgt-arm_16.9.6.LTS/lib/src/wcslen.c
Unpacking /home/blake/ti/ti-cgt-arm_16.9.6.LTS/lib/src/s_expm1.c
Unpacking /home/blake/ti/ti-cgt-arm_16.9.6.LTS/lib/src/e_cosh.c
Unpacking /home/blake/ti/ti-cgt-arm_16.9.6.LTS/lib/src/localtim64.c
Unpacking /home/blake/ti/ti-cgt-arm_16.9.6.LTS/lib/src/climits
Unpacking /home/blake/ti/ti-cgt-arm_16.9.6.LTS/lib/src/cstdlib
Unpacking /home/blake/ti/ti-cgt-arm_16.9.6.LTS/lib/src/s__cstdio.h
Unpacking /home/blake/ti/ti-cgt-arm_16.9.6.LTS/lib/src/etsi_funcs.c
Unpacking /home/blake/ti/ti-cgt-arm_16.9.6.LTS/lib/src/wctype.h
Unpacking /home/blake/ti/ti-cgt-arm_16.9.6.LTS/lib/src/atol.c
Unpacking /home/blake/ti/ti-cgt-arm_16.9.6.LTS/lib/src/strcmp.c
Unpacking /home/blake/ti/ti-cgt-arm_16.9.6.LTS/lib/src/b_tgamma.c
Unpacking /home/blake/ti/ti-cgt-arm_16.9.6.LTS/lib/src/fstream.cpp
Unpacking /home/blake/ti/ti-cgt-arm_16.9.6.LTS/lib/src/memset_t2.asm
Unpacking /home/blake/ti/ti-cgt-arm_16.9.6.LTS/lib/src/set
Unpacking /home/blake/ti/ti-cgt-arm_16.9.6.LTS/lib/src/s_modff.c
Unpacking /home/blake/ti/ti-cgt-arm_16.9.6.LTS/lib/src/gmtime.c
Unpacking /home/blake/ti/ti-cgt-arm_16.9.6.LTS/lib/src/s_copysign.c
Unpacking /home/blake/ti/ti-cgt-arm_16.9.6.LTS/lib/src/ll_lsl16.asm
Unpacking /home/blake/ti/ti-cgt-arm_16.9.6.LTS/lib/src/fd_cmp16.asm
Unpacking /home/blake/ti/ti-cgt-arm_16.9.6.LTS/lib/src/_pthread.h
Unpacking /home/blake/ti/ti-cgt-arm_16.9.6.LTS/lib/src/s__sstream.h
Unpacking /home/blake/ti/ti-cgt-arm_16.9.6.LTS/lib/src/fd_div_t2.asm
Unpacking /home/blake/ti/ti-cgt-arm_16.9.6.LTS/lib/src/time_facets.cpp
Unpacking /home/blake/ti/ti-cgt-arm_16.9.6.LTS/lib/src/memory
Unpacking /home/blake/ti/ti-cgt-arm_16.9.6.LTS/lib/src/ll_lsr16.asm
Unpacking /home/blake/ti/ti-cgt-arm_16.9.6.LTS/lib/src/bitset
Unpacking /home/blake/ti/ti-cgt-arm_16.9.6.LTS/lib/src/trgdrv.h
Unpacking /home/blake/ti/ti-cgt-arm_16.9.6.LTS/lib/src/fs_mul32.asm
Unpacking /home/blake/ti/ti-cgt-arm_16.9.6.LTS/lib/src/guard.cpp
Unpacking /home/blake/ti/ti-cgt-arm_16.9.6.LTS/lib/src/icall32.asm
Unpacking /home/blake/ti/ti-cgt-arm_16.9.6.LTS/lib/src/s_modf.c
Unpacking /home/blake/ti/ti-cgt-arm_16.9.6.LTS/lib/src/limits.h
Unpacking /home/blake/ti/ti-cgt-arm_16.9.6.LTS/lib/src/pre_init.c
Unpacking /home/blake/ti/ti-cgt-arm_16.9.6.LTS/lib/src/s__valarray.c
Unpacking /home/blake/ti/ti-cgt-arm_16.9.6.LTS/lib/src/strncat.c
Unpacking /home/blake/ti/ti-cgt-arm_16.9.6.LTS/lib/src/strdup.c
Unpacking /home/blake/ti/ti-cgt-arm_16.9.6.LTS/lib/src/cmath
Unpacking /home/blake/ti/ti-cgt-arm_16.9.6.LTS/lib/src/s__bitset.h
Unpacking /home/blake/ti/ti-cgt-arm_16.9.6.LTS/lib/src/s__string_fwd.h
Unpacking /home/blake/ti/ti-cgt-arm_16.9.6.LTS/lib/src/num_put.cpp
Unpacking /home/blake/ti/ti-cgt-arm_16.9.6.LTS/lib/src/s__iterator_old.h
Unpacking /home/blake/ti/ti-cgt-arm_16.9.6.LTS/lib/src/ull_cmp32.asm
Unpacking /home/blake/ti/ti-cgt-arm_16.9.6.LTS/lib/src/autoinit_wdt.c
Unpacking /home/blake/ti/ti-cgt-arm_16.9.6.LTS/lib/src/fscanf.c
Unpacking /home/blake/ti/ti-cgt-arm_16.9.6.LTS/lib/src/s_lroundl.c
Unpacking /home/blake/ti/ti-cgt-arm_16.9.6.LTS/lib/src/Makefile
Unpacking /home/blake/ti/ti-cgt-arm_16.9.6.LTS/lib/src/cstdarg
Unpacking /home/blake/ti/ti-cgt-arm_16.9.6.LTS/lib/src/i_div0.c
Unpacking /home/blake/ti/ti-cgt-arm_16.9.6.LTS/lib/src/bsearch.c
Unpacking /home/blake/ti/ti-cgt-arm_16.9.6.LTS/lib/src/memzero.cpp
Unpacking /home/blake/ti/ti-cgt-arm_16.9.6.LTS/lib/src/s_cpowf.c
Unpacking /home/blake/ti/ti-cgt-arm_16.9.6.LTS/lib/src/s__fstream.h
Unpacking /home/blake/ti/ti-cgt-arm_16.9.6.LTS/lib/src/s__threads.c
Unpacking /home/blake/ti/ti-cgt-arm_16.9.6.LTS/lib/src/stkchk16.asm
Unpacking /home/blake/ti/ti-cgt-arm_16.9.6.LTS/lib/src/s__function.h
Unpacking /home/blake/ti/ti-cgt-arm_16.9.6.LTS/lib/src/ctime
Unpacking /home/blake/ti/ti-cgt-arm_16.9.6.LTS/lib/src/isgraph.c
Unpacking /home/blake/ti/ti-cgt-arm_16.9.6.LTS/lib/src/s_conjf.c
Unpacking /home/blake/ti/ti-cgt-arm_16.9.6.LTS/lib/src/u_divt2.asm
Unpacking /home/blake/ti/ti-cgt-arm_16.9.6.LTS/lib/src/llabs.c
Unpacking /home/blake/ti/ti-cgt-arm_16.9.6.LTS/lib/src/ll_div16.asm
Unpacking /home/blake/ti/ti-cgt-arm_16.9.6.LTS/lib/src/e_atanhf.c
Unpacking /home/blake/ti/ti-cgt-arm_16.9.6.LTS/lib/src/s__epilog.h
Unpacking /home/blake/ti/ti-cgt-arm_16.9.6.LTS/lib/src/messages.cpp
Unpacking /home/blake/ti/ti-cgt-arm_16.9.6.LTS/lib/src/difftime.c
Unpacking /home/blake/ti/ti-cgt-arm_16.9.6.LTS/lib/src/wmemmove.c
Unpacking /home/blake/ti/ti-cgt-arm_16.9.6.LTS/lib/src/wmemcpy.c
Unpacking /home/blake/ti/ti-cgt-arm_16.9.6.LTS/lib/src/s_c_locale.h
Unpacking /home/blake/ti/ti-cgt-arm_16.9.6.LTS/lib/src/gmtime64.c
Unpacking /home/blake/ti/ti-cgt-arm_16.9.6.LTS/lib/src/s__stdexcept_base.c
Unpacking /home/blake/ti/ti-cgt-arm_16.9.6.LTS/lib/src/i_divt2.asm
Unpacking /home/blake/ti/ti-cgt-arm_16.9.6.LTS/lib/src/strncasecmp.c
Unpacking /home/blake/ti/ti-cgt-arm_16.9.6.LTS/lib/src/cstring
Unpacking /home/blake/ti/ti-cgt-arm_16.9.6.LTS/lib/src/wmemcmp.c
Unpacking /home/blake/ti/ti-cgt-arm_16.9.6.LTS/lib/src/s__collate.h
Unpacking /home/blake/ti/ti-cgt-arm_16.9.6.LTS/lib/src/type_traits
Unpacking /home/blake/ti/ti-cgt-arm_16.9.6.LTS/lib/src/stack
Unpacking /home/blake/ti/ti-cgt-arm_16.9.6.LTS/lib/src/wctype.c
Unpacking /home/blake/ti/ti-cgt-arm_16.9.6.LTS/lib/src/ll_cmp32.asm
Unpacking /home/blake/ti/ti-cgt-arm_16.9.6.LTS/lib/src/dll_main.cpp
Unpacking /home/blake/ti/ti-cgt-arm_16.9.6.LTS/lib/src/fs_div_t2.asm
Unpacking /home/blake/ti/ti-cgt-arm_16.9.6.LTS/lib/src/complex.h
Unpacking /home/blake/ti/ti-cgt-arm_16.9.6.LTS/lib/src/setvbuf.c
Unpacking /home/blake/ti/ti-cgt-arm_16.9.6.LTS/lib/src/rindex.c
Unpacking /home/blake/ti/ti-cgt-arm_16.9.6.LTS/lib/src/fd_div32.asm
Unpacking /home/blake/ti/ti-cgt-arm_16.9.6.LTS/lib/src/locale_catalog.cpp
Unpacking /home/blake/ti/ti-cgt-arm_16.9.6.LTS/lib/src/s_ctanhf.c
Unpacking /home/blake/ti/ti-cgt-arm_16.9.6.LTS/lib/src/clocale
Unpacking /home/blake/ti/ti-cgt-arm_16.9.6.LTS/lib/src/monetary.cpp
Unpacking /home/blake/ti/ti-cgt-arm_16.9.6.LTS/lib/src/mathimpl.h
Unpacking /home/blake/ti/ti-cgt-arm_16.9.6.LTS/lib/src/memmov.c
Unpacking /home/blake/ti/ti-cgt-arm_16.9.6.LTS/lib/src/strstr.c
Unpacking /home/blake/ti/ti-cgt-arm_16.9.6.LTS/lib/src/e_log2.c
Unpacking /home/blake/ti/ti-cgt-arm_16.9.6.LTS/lib/src/s_lrintl.c
Unpacking /home/blake/ti/ti-cgt-arm_16.9.6.LTS/lib/src/s_nearbyint.c
Unpacking /home/blake/ti/ti-cgt-arm_16.9.6.LTS/lib/src/rtti.h
Unpacking /home/blake/ti/ti-cgt-arm_16.9.6.LTS/lib/src/s__bvector.h
Unpacking /home/blake/ti/ti-cgt-arm_16.9.6.LTS/lib/src/fs_tou32.asm
Unpacking /home/blake/ti/ti-cgt-arm_16.9.6.LTS/lib/src/s__range_errors.h
Unpacking /home/blake/ti/ti-cgt-arm_16.9.6.LTS/lib/src/queue
Unpacking /home/blake/ti/ti-cgt-arm_16.9.6.LTS/lib/src/e_pow.c
Unpacking /home/blake/ti/ti-cgt-arm_16.9.6.LTS/lib/src/s__istream.h
Unpacking /home/blake/ti/ti-cgt-arm_16.9.6.LTS/lib/src/fs_eabi.asm
Unpacking /home/blake/ti/ti-cgt-arm_16.9.6.LTS/lib/src/s__mbstate_t.h
Unpacking /home/blake/ti/ti-cgt-arm_16.9.6.LTS/lib/src/s_erff.c
Unpacking /home/blake/ti/ti-cgt-arm_16.9.6.LTS/lib/src/s_conj.c
Unpacking /home/blake/ti/ti-cgt-arm_16.9.6.LTS/lib/src/ios
Unpacking /home/blake/ti/ti-cgt-arm_16.9.6.LTS/lib/src/ostream.cpp
Unpacking /home/blake/ti/ti-cgt-arm_16.9.6.LTS/lib/src/newhandler.cpp
Unpacking /home/blake/ti/ti-cgt-arm_16.9.6.LTS/lib/src/hostclose.c
Unpacking /home/blake/ti/ti-cgt-arm_16.9.6.LTS/lib/src/fd_tos_t2.asm
Unpacking /home/blake/ti/ti-cgt-arm_16.9.6.LTS/lib/src/s__string.h
Unpacking /home/blake/ti/ti-cgt-arm_16.9.6.LTS/lib/src/close.c
Unpacking /home/blake/ti/ti-cgt-arm_16.9.6.LTS/lib/src/s__stack.h
Unpacking /home/blake/ti/ti-cgt-arm_16.9.6.LTS/lib/src/dtor_list.h
Unpacking /home/blake/ti/ti-cgt-arm_16.9.6.LTS/lib/src/stdio_streambuf.h
Unpacking /home/blake/ti/ti-cgt-arm_16.9.6.LTS/lib/src/k_logf.h
Unpacking /home/blake/ti/ti-cgt-arm_16.9.6.LTS/lib/src/unordered_set
Unpacking /home/blake/ti/ti-cgt-arm_16.9.6.LTS/lib/src/s_tanhf.c
Unpacking /home/blake/ti/ti-cgt-arm_16.9.6.LTS/lib/src/icall16.asm
Unpacking /home/blake/ti/ti-cgt-arm_16.9.6.LTS/lib/src/_bufread.c
Unpacking /home/blake/ti/ti-cgt-arm_16.9.6.LTS/lib/src/fd_tos32.asm
Unpacking /home/blake/ti/ti-cgt-arm_16.9.6.LTS/lib/src/iterator
Unpacking /home/blake/ti/ti-cgt-arm_16.9.6.LTS/lib/src/boot_hooks.h
Unpacking /home/blake/ti/ti-cgt-arm_16.9.6.LTS/lib/src/ll_tofd32.asm
Unpacking /home/blake/ti/ti-cgt-arm_16.9.6.LTS/lib/src/s__num_put.h
Unpacking /home/blake/ti/ti-cgt-arm_16.9.6.LTS/lib/src/s_ilogbf.c
Unpacking /home/blake/ti/ti-cgt-arm_16.9.6.LTS/lib/src/fs_mul16.asm
Unpacking /home/blake/ti/ti-cgt-arm_16.9.6.LTS/lib/src/ll_cmp_t2.asm
Unpacking /home/blake/ti/ti-cgt-arm_16.9.6.LTS/lib/src/fs_toull16.asm
Unpacking /home/blake/ti/ti-cgt-arm_16.9.6.LTS/lib/src/s__slist_base.c
Unpacking /home/blake/ti/ti-cgt-arm_16.9.6.LTS/lib/src/lock_free_slist.h
Unpacking /home/blake/ti/ti-cgt-arm_16.9.6.LTS/lib/src/s__typeinfo.h
Unpacking /home/blake/ti/ti-cgt-arm_16.9.6.LTS/lib/src/istream
Unpacking /home/blake/ti/ti-cgt-arm_16.9.6.LTS/lib/src/setjmp16.asm
Unpacking /home/blake/ti/ti-cgt-arm_16.9.6.LTS/lib/src/s_atan.c
Unpacking /home/blake/ti/ti-cgt-arm_16.9.6.LTS/lib/src/strlen.c
Unpacking /home/blake/ti/ti-cgt-arm_16.9.6.LTS/lib/src/s_c__prolog.h
Unpacking /home/blake/ti/ti-cgt-arm_16.9.6.LTS/lib/src/locale.cpp
Unpacking /home/blake/ti/ti-cgt-arm_16.9.6.LTS/lib/src/assert.c
Unpacking /home/blake/ti/ti-cgt-arm_16.9.6.LTS/lib/src/wmemchr.c
Unpacking /home/blake/ti/ti-cgt-arm_16.9.6.LTS/lib/src/s__ios.h
Unpacking /home/blake/ti/ti-cgt-arm_16.9.6.LTS/lib/src/e_new
Unpacking /home/blake/ti/ti-cgt-arm_16.9.6.LTS/lib/src/s_sin.c
Unpacking /home/blake/ti/ti-cgt-arm_16.9.6.LTS/lib/src/setbuf.c
Unpacking /home/blake/ti/ti-cgt-arm_16.9.6.LTS/lib/src/fs_cmp32.asm
Unpacking /home/blake/ti/ti-cgt-arm_16.9.6.LTS/lib/src/fs_toi16.asm
Unpacking /home/blake/ti/ti-cgt-arm_16.9.6.LTS/lib/src/fd_toll32.asm
Unpacking /home/blake/ti/ti-cgt-arm_16.9.6.LTS/lib/src/stdexcept
Unpacking /home/blake/ti/ti-cgt-arm_16.9.6.LTS/lib/src/ll_asr16.asm
Unpacking /home/blake/ti/ti-cgt-arm_16.9.6.LTS/lib/src/s__string_operators.h
Unpacking /home/blake/ti/ti-cgt-arm_16.9.6.LTS/lib/src/strstream.cpp
Unpacking /home/blake/ti/ti-cgt-arm_16.9.6.LTS/lib/src/aeabi_ctype.asm
Unpacking /home/blake/ti/ti-cgt-arm_16.9.6.LTS/lib/src/copy_zero_init.c
Unpacking /home/blake/ti/ti-cgt-arm_16.9.6.LTS/lib/src/u_tofs16.asm
Unpacking /home/blake/ti/ti-cgt-arm_16.9.6.LTS/lib/src/s_tan.c
Unpacking /home/blake/ti/ti-cgt-arm_16.9.6.LTS/lib/src/signal.c
Unpacking /home/blake/ti/ti-cgt-arm_16.9.6.LTS/lib/src/ull_tofs_ti_vfp.c
Unpacking /home/blake/ti/ti-cgt-arm_16.9.6.LTS/lib/src/hostopen.c
Unpacking /home/blake/ti/ti-cgt-arm_16.9.6.LTS/lib/src/outprof.c
Unpacking /home/blake/ti/ti-cgt-arm_16.9.6.LTS/lib/src/fd_add32.asm
Unpacking /home/blake/ti/ti-cgt-arm_16.9.6.LTS/lib/src/pprof_cio.c
Unpacking /home/blake/ti/ti-cgt-arm_16.9.6.LTS/lib/src/s__csignal.h
Unpacking /home/blake/ti/ti-cgt-arm_16.9.6.LTS/lib/src/newnothrow.cpp
Unpacking /home/blake/ti/ti-cgt-arm_16.9.6.LTS/lib/src/strcpy.c
Unpacking /home/blake/ti/ti-cgt-arm_16.9.6.LTS/lib/src/s_logbf.c
Unpacking /home/blake/ti/ti-cgt-arm_16.9.6.LTS/lib/src/u_div16.asm
Unpacking /home/blake/ti/ti-cgt-arm_16.9.6.LTS/lib/src/s__deque.c
Unpacking /home/blake/ti/ti-cgt-arm_16.9.6.LTS/lib/src/error.cpp
Unpacking /home/blake/ti/ti-cgt-arm_16.9.6.LTS/lib/src/e_fmodf.c
Unpacking /home/blake/ti/ti-cgt-arm_16.9.6.LTS/lib/src/c_locale.cpp
Unpacking /home/blake/ti/ti-cgt-arm_16.9.6.LTS/lib/src/array_pdel.cpp
Unpacking /home/blake/ti/ti-cgt-arm_16.9.6.LTS/lib/src/defs.c
Unpacking /home/blake/ti/ti-cgt-arm_16.9.6.LTS/lib/src/s__num_get.c
Unpacking /home/blake/ti/ti-cgt-arm_16.9.6.LTS/lib/src/getdevice.c
Unpacking /home/blake/ti/ti-cgt-arm_16.9.6.LTS/lib/src/i_div16.asm
Unpacking /home/blake/ti/ti-cgt-arm_16.9.6.LTS/lib/src/s__limits.c
Unpacking /home/blake/ti/ti-cgt-arm_16.9.6.LTS/lib/src/s__cstdarg.h
Unpacking /home/blake/ti/ti-cgt-arm_16.9.6.LTS/lib/src/s__numeric.h
Unpacking /home/blake/ti/ti-cgt-arm_16.9.6.LTS/lib/src/ctime_.c
Unpacking /home/blake/ti/ti-cgt-arm_16.9.6.LTS/lib/src/e_expf.c
Unpacking /home/blake/ti/ti-cgt-arm_16.9.6.LTS/lib/src/mktime64.c
Unpacking /home/blake/ti/ti-cgt-arm_16.9.6.LTS/lib/src/s__string_sum.h
Unpacking /home/blake/ti/ti-cgt-arm_16.9.6.LTS/lib/src/strncmp.c
Unpacking /home/blake/ti/ti-cgt-arm_16.9.6.LTS/lib/src/bitset.cpp
Unpacking /home/blake/ti/ti-cgt-arm_16.9.6.LTS/lib/src/ull_cmp16.asm
Unpacking /home/blake/ti/ti-cgt-arm_16.9.6.LTS/lib/src/s__carray.h
Unpacking /home/blake/ti/ti-cgt-arm_16.9.6.LTS/lib/src/set_new.cpp
Unpacking /home/blake/ti/ti-cgt-arm_16.9.6.LTS/lib/src/ll_lsr32.asm
Unpacking /home/blake/ti/ti-cgt-arm_16.9.6.LTS/lib/src/s__new.h
Unpacking /home/blake/ti/ti-cgt-arm_16.9.6.LTS/lib/src/fs_toll16.asm
Unpacking /home/blake/ti/ti-cgt-arm_16.9.6.LTS/lib/src/s__function_base.h
Unpacking /home/blake/ti/ti-cgt-arm_16.9.6.LTS/lib/src/cpy_tbl.h
Unpacking /home/blake/ti/ti-cgt-arm_16.9.6.LTS/lib/src/ull_tofs16.asm
Unpacking /home/blake/ti/ti-cgt-arm_16.9.6.LTS/lib/src/s_csinh.c
Unpacking /home/blake/ti/ti-cgt-arm_16.9.6.LTS/lib/src/s__slist.h
Unpacking /home/blake/ti/ti-cgt-arm_16.9.6.LTS/lib/src/fd_toull32.asm
Unpacking /home/blake/ti/ti-cgt-arm_16.9.6.LTS/lib/src/s_floorf.c
Unpacking /home/blake/ti/ti-cgt-arm_16.9.6.LTS/lib/src/vsprintf.c
Unpacking /home/blake/ti/ti-cgt-arm_16.9.6.LTS/lib/src/s__istream.c
Unpacking /home/blake/ti/ti-cgt-arm_16.9.6.LTS/lib/src/e_sinh.c
Unpacking /home/blake/ti/ti-cgt-arm_16.9.6.LTS/lib/src/fs_div32.asm
Unpacking /home/blake/ti/ti-cgt-arm_16.9.6.LTS/lib/src/assert.h
Unpacking /home/blake/ti/ti-cgt-arm_16.9.6.LTS/lib/src/s_cexpf.c
Unpacking /home/blake/ti/ti-cgt-arm_16.9.6.LTS/lib/src/s__string_io.h
Unpacking /home/blake/ti/ti-cgt-arm_16.9.6.LTS/lib/src/ti_nan.c
Unpacking /home/blake/ti/ti-cgt-arm_16.9.6.LTS/lib/src/i_tofs32.asm
Unpacking /home/blake/ti/ti-cgt-arm_16.9.6.LTS/lib/src/csetjmp
Unpacking /home/blake/ti/ti-cgt-arm_16.9.6.LTS/lib/src/iso646.h
Unpacking /home/blake/ti/ti-cgt-arm_16.9.6.LTS/lib/src/u_tofs32.asm
Unpacking /home/blake/ti/ti-cgt-arm_16.9.6.LTS/lib/src/s__hash_set.h
Unpacking /home/blake/ti/ti-cgt-arm_16.9.6.LTS/lib/src/strspn.c
Unpacking /home/blake/ti/ti-cgt-arm_16.9.6.LTS/lib/src/s_nextafterf.c
Unpacking /home/blake/ti/ti-cgt-arm_16.9.6.LTS/lib/src/fd_toll_t2.asm
Unpacking /home/blake/ti/ti-cgt-arm_16.9.6.LTS/lib/src/k_exp.c
Unpacking /home/blake/ti/ti-cgt-arm_16.9.6.LTS/lib/src/s__cprolog.h
Unpacking /home/blake/ti/ti-cgt-arm_16.9.6.LTS/lib/src/num_get.cpp
Unpacking /home/blake/ti/ti-cgt-arm_16.9.6.LTS/lib/src/c_locale_dummy.c
Unpacking /home/blake/ti/ti-cgt-arm_16.9.6.LTS/lib/src/fd_cmp_t2.asm
Unpacking /home/blake/ti/ti-cgt-arm_16.9.6.LTS/lib/src/s_rint.c
Unpacking /home/blake/ti/ti-cgt-arm_16.9.6.LTS/lib/src/ferror.c
Unpacking /home/blake/ti/ti-cgt-arm_16.9.6.LTS/lib/src/memcmp.c
Unpacking /home/blake/ti/ti-cgt-arm_16.9.6.LTS/lib/src/numeric
Unpacking /home/blake/ti/ti-cgt-arm_16.9.6.LTS/lib/src/s__alloc.h
Unpacking /home/blake/ti/ti-cgt-arm_16.9.6.LTS/lib/src/s__ostream.h
Unpacking /home/blake/ti/ti-cgt-arm_16.9.6.LTS/lib/src/s__cstddef.h
Unpacking /home/blake/ti/ti-cgt-arm_16.9.6.LTS/lib/src/remove_device.c
Unpacking /home/blake/ti/ti-cgt-arm_16.9.6.LTS/lib/src/s_cargf.c
Unpacking /home/blake/ti/ti-cgt-arm_16.9.6.LTS/lib/src/fd_toll16.asm
Unpacking /home/blake/ti/ti-cgt-arm_16.9.6.LTS/lib/src/num_get_float.cpp
Unpacking /home/blake/ti/ti-cgt-arm_16.9.6.LTS/lib/src/ll_lsl32.asm
Unpacking /home/blake/ti/ti-cgt-arm_16.9.6.LTS/lib/src/s__sstream.c
Unpacking /home/blake/ti/ti-cgt-arm_16.9.6.LTS/lib/src/e_hypotf.c
Unpacking /home/blake/ti/ti-cgt-arm_16.9.6.LTS/lib/src/s_copysignf.c
Unpacking /home/blake/ti/ti-cgt-arm_16.9.6.LTS/lib/src/e_sqrt.c
Unpacking /home/blake/ti/ti-cgt-arm_16.9.6.LTS/lib/src/deque
Unpacking /home/blake/ti/ti-cgt-arm_16.9.6.LTS/lib/src/s__construct.h
Unpacking /home/blake/ti/ti-cgt-arm_16.9.6.LTS/lib/src/s_asinh.c
Unpacking /home/blake/ti/ti-cgt-arm_16.9.6.LTS/lib/src/s__string_io.c
Unpacking /home/blake/ti/ti-cgt-arm_16.9.6.LTS/lib/src/rand.c
Unpacking /home/blake/ti/ti-cgt-arm_16.9.6.LTS/lib/src/strtoll.c
Unpacking /home/blake/ti/ti-cgt-arm_16.9.6.LTS/lib/src/s_cimagl.c
Unpacking /home/blake/ti/ti-cgt-arm_16.9.6.LTS/lib/src/s_ceil.c
Unpacking /home/blake/ti/ti-cgt-arm_16.9.6.LTS/lib/src/s_ccoshf.c
Unpacking /home/blake/ti/ti-cgt-arm_16.9.6.LTS/lib/src/e_atan2f.c
Unpacking /home/blake/ti/ti-cgt-arm_16.9.6.LTS/lib/src/s_scalbnf.c
Unpacking /home/blake/ti/ti-cgt-arm_16.9.6.LTS/lib/src/s_csinhf.c
Unpacking /home/blake/ti/ti-cgt-arm_16.9.6.LTS/lib/src/atexit.c
Unpacking /home/blake/ti/ti-cgt-arm_16.9.6.LTS/lib/src/s__cwchar.h
Unpacking /home/blake/ti/ti-cgt-arm_16.9.6.LTS/lib/src/ull_tofd32.asm
Unpacking /home/blake/ti/ti-cgt-arm_16.9.6.LTS/lib/src/fs_add_t2.asm
Unpacking /home/blake/ti/ti-cgt-arm_16.9.6.LTS/lib/src/tmzone.c
Unpacking /home/blake/ti/ti-cgt-arm_16.9.6.LTS/lib/src/s__monetary.c
Unpacking /home/blake/ti/ti-cgt-arm_16.9.6.LTS/lib/src/math_private.h
Unpacking /home/blake/ti/ti-cgt-arm_16.9.6.LTS/lib/src/iomanip
Unpacking /home/blake/ti/ti-cgt-arm_16.9.6.LTS/lib/src/e_exception
Unpacking /home/blake/ti/ti-cgt-arm_16.9.6.LTS/lib/src/s__range_errors.c
Unpacking /home/blake/ti/ti-cgt-arm_16.9.6.LTS/lib/src/s__string.c
Unpacking /home/blake/ti/ti-cgt-arm_16.9.6.LTS/lib/src/s__algobase.c
Unpacking /home/blake/ti/ti-cgt-arm_16.9.6.LTS/lib/src/s__csetjmp.h
Unpacking /home/blake/ti/ti-cgt-arm_16.9.6.LTS/lib/src/clock.c
Unpacking /home/blake/ti/ti-cgt-arm_16.9.6.LTS/lib/src/_io_perm.c
Unpacking /home/blake/ti/ti-cgt-arm_16.9.6.LTS/lib/src/isascii.c
Unpacking /home/blake/ti/ti-cgt-arm_16.9.6.LTS/lib/src/i_tofd32.asm
Unpacking /home/blake/ti/ti-cgt-arm_16.9.6.LTS/lib/src/s__vector.h
Unpacking /home/blake/ti/ti-cgt-arm_16.9.6.LTS/lib/src/fs_toull_t2.asm
Unpacking /home/blake/ti/ti-cgt-arm_16.9.6.LTS/lib/src/fd_tos16.asm
Unpacking /home/blake/ti/ti-cgt-arm_16.9.6.LTS/lib/src/s__pthread_alloc.h
Unpacking /home/blake/ti/ti-cgt-arm_16.9.6.LTS/lib/src/cstddef
Unpacking /home/blake/ti/ti-cgt-arm_16.9.6.LTS/lib/src/lseek.c
Unpacking /home/blake/ti/ti-cgt-arm_16.9.6.LTS/lib/src/fd_toull16.asm
Unpacking /home/blake/ti/ti-cgt-arm_16.9.6.LTS/lib/src/write.c
Unpacking /home/blake/ti/ti-cgt-arm_16.9.6.LTS/lib/src/e_log2f.c
Unpacking /home/blake/ti/ti-cgt-arm_16.9.6.LTS/lib/src/b_log.c
Unpacking /home/blake/ti/ti-cgt-arm_16.9.6.LTS/lib/src/e_remainderf.c
Unpacking /home/blake/ti/ti-cgt-arm_16.9.6.LTS/lib/src/u_div32.asm
Unpacking /home/blake/ti/ti-cgt-arm_16.9.6.LTS/lib/src/s__cstdlib.h
Unpacking /home/blake/ti/ti-cgt-arm_16.9.6.LTS/lib/src/_isfuncdcl.h
Unpacking /home/blake/ti/ti-cgt-arm_16.9.6.LTS/lib/src/s__ptrs_specialize.h
Unpacking /home/blake/ti/ti-cgt-arm_16.9.6.LTS/lib/src/locale_impl.h
Unpacking /home/blake/ti/ti-cgt-arm_16.9.6.LTS/lib/src/i_tofs16.asm
Unpacking /home/blake/ti/ti-cgt-arm_16.9.6.LTS/lib/src/e_fmod.c
Unpacking /home/blake/ti/ti-cgt-arm_16.9.6.LTS/lib/src/ios.cpp
Unpacking /home/blake/ti/ti-cgt-arm_16.9.6.LTS/lib/src/crc_defines.h
Unpacking /home/blake/ti/ti-cgt-arm_16.9.6.LTS/lib/src/fgetc.c
Unpacking /home/blake/ti/ti-cgt-arm_16.9.6.LTS/lib/src/_reg_synch_api.h
Unpacking /home/blake/ti/ti-cgt-arm_16.9.6.LTS/lib/src/s__algobase.h
Unpacking /home/blake/ti/ti-cgt-arm_16.9.6.LTS/lib/src/list
Unpacking /home/blake/ti/ti-cgt-arm_16.9.6.LTS/lib/src/fd_tou16.asm
Unpacking /home/blake/ti/ti-cgt-arm_16.9.6.LTS/lib/src/e_asinf.c
Unpacking /home/blake/ti/ti-cgt-arm_16.9.6.LTS/lib/src/cassert
Unpacking /home/blake/ti/ti-cgt-arm_16.9.6.LTS/lib/src/e_logf.c
Unpacking /home/blake/ti/ti-cgt-arm_16.9.6.LTS/lib/src/e_lgammaf_r.c
Unpacking /home/blake/ti/ti-cgt-arm_16.9.6.LTS/lib/src/memory.c
Unpacking /home/blake/ti/ti-cgt-arm_16.9.6.LTS/lib/src/s_type_traits.h
Unpacking /home/blake/ti/ti-cgt-arm_16.9.6.LTS/lib/src/s__complex.h
Unpacking /home/blake/ti/ti-cgt-arm_16.9.6.LTS/lib/src/valarray
Unpacking /home/blake/ti/ti-cgt-arm_16.9.6.LTS/lib/src/s__locale.h
Unpacking /home/blake/ti/ti-cgt-arm_16.9.6.LTS/lib/src/stdint.h
Unpacking /home/blake/ti/ti-cgt-arm_16.9.6.LTS/lib/src/vec_newdel.cpp
Unpacking /home/blake/ti/ti-cgt-arm_16.9.6.LTS/lib/src/array_pnew.cpp
Unpacking /home/blake/ti/ti-cgt-arm_16.9.6.LTS/lib/src/istream.cpp
Unpacking /home/blake/ti/ti-cgt-arm_16.9.6.LTS/lib/src/s_cargl.c
Unpacking /home/blake/ti/ti-cgt-arm_16.9.6.LTS/lib/src/fd_tou32.asm
Unpacking /home/blake/ti/ti-cgt-arm_16.9.6.LTS/lib/src/s_cpow.c
Unpacking /home/blake/ti/ti-cgt-arm_16.9.6.LTS/lib/src/s_sinf.c
Unpacking /home/blake/ti/ti-cgt-arm_16.9.6.LTS/lib/src/s_tanf.c
Unpacking /home/blake/ti/ti-cgt-arm_16.9.6.LTS/lib/src/s_floor.c
Unpacking /home/blake/ti/ti-cgt-arm_16.9.6.LTS/lib/src/lowlev.h
Unpacking /home/blake/ti/ti-cgt-arm_16.9.6.LTS/lib/src/ll_tofs_t2.asm
Unpacking /home/blake/ti/ti-cgt-arm_16.9.6.LTS/lib/src/hostlseek.c
Unpacking /home/blake/ti/ti-cgt-arm_16.9.6.LTS/lib/src/decode.c
Unpacking /home/blake/ti/ti-cgt-arm_16.9.6.LTS/lib/src/s__vector.c
Unpacking /home/blake/ti/ti-cgt-arm_16.9.6.LTS/lib/src/crc_tbl.h
Unpacking /home/blake/ti/ti-cgt-arm_16.9.6.LTS/lib/src/fd_mul32.asm
Unpacking /home/blake/ti/ti-cgt-arm_16.9.6.LTS/lib/src/e_lgamma.c
Unpacking /home/blake/ti/ti-cgt-arm_16.9.6.LTS/lib/src/vars.cpp
Unpacking /home/blake/ti/ti-cgt-arm_16.9.6.LTS/lib/src/s_conjl.c
Unpacking /home/blake/ti/ti-cgt-arm_16.9.6.LTS/lib/src/memset32.asm
Unpacking /home/blake/ti/ti-cgt-arm_16.9.6.LTS/lib/src/tdeh_init.cpp
Unpacking /home/blake/ti/ti-cgt-arm_16.9.6.LTS/lib/src/isalpha.c
Unpacking /home/blake/ti/ti-cgt-arm_16.9.6.LTS/lib/src/collate.cpp
Unpacking /home/blake/ti/ti-cgt-arm_16.9.6.LTS/lib/src/ti_fmax.c
Unpacking /home/blake/ti/ti-cgt-arm_16.9.6.LTS/lib/src/s__iomanip.h
Unpacking /home/blake/ti/ti-cgt-arm_16.9.6.LTS/lib/src/isdigit.c
Unpacking /home/blake/ti/ti-cgt-arm_16.9.6.LTS/lib/src/ascii.c
Unpacking /home/blake/ti/ti-cgt-arm_16.9.6.LTS/lib/src/s__streambuf.c
Unpacking /home/blake/ti/ti-cgt-arm_16.9.6.LTS/lib/src/fs_add16.asm
Unpacking /home/blake/ti/ti-cgt-arm_16.9.6.LTS/lib/src/tdeh_arm.h
Unpacking /home/blake/ti/ti-cgt-arm_16.9.6.LTS/lib/src/s__bitset.c
Unpacking /home/blake/ti/ti-cgt-arm_16.9.6.LTS/lib/src/s__tempbuf.h
Unpacking /home/blake/ti/ti-cgt-arm_16.9.6.LTS/lib/src/ll_tofd_t2.asm
Unpacking /home/blake/ti/ti-cgt-arm_16.9.6.LTS/lib/src/s__facets_fwd.h
Unpacking /home/blake/ti/ti-cgt-arm_16.9.6.LTS/lib/src/s_cprojf.c
Unpacking /home/blake/ti/ti-cgt-arm_16.9.6.LTS/lib/src/clearerr.c
Unpacking /home/blake/ti/ti-cgt-arm_16.9.6.LTS/lib/src/l_div0.c
Unpacking /home/blake/ti/ti-cgt-arm_16.9.6.LTS/lib/src/asctime.c
Unpacking /home/blake/ti/ti-cgt-arm_16.9.6.LTS/lib/src/i_div32.asm
Unpacking /home/blake/ti/ti-cgt-arm_16.9.6.LTS/lib/src/fd_add16.asm
Unpacking /home/blake/ti/ti-cgt-arm_16.9.6.LTS/lib/src/tdeh_pr_common.cpp
Unpacking /home/blake/ti/ti-cgt-arm_16.9.6.LTS/lib/src/s_cos.c
Unpacking /home/blake/ti/ti-cgt-arm_16.9.6.LTS/lib/src/fcvt.c
Unpacking /home/blake/ti/ti-cgt-arm_16.9.6.LTS/lib/src/setlocale.c
Unpacking /home/blake/ti/ti-cgt-arm_16.9.6.LTS/lib/src/s__cstring.h
Unpacking /home/blake/ti/ti-cgt-arm_16.9.6.LTS/lib/src/e_acosh.c
Unpacking /home/blake/ti/ti-cgt-arm_16.9.6.LTS/lib/src/string
Unpacking /home/blake/ti/ti-cgt-arm_16.9.6.LTS/lib/src/s__messages_facets.h
Unpacking /home/blake/ti/ti-cgt-arm_16.9.6.LTS/lib/src/c_locale.h
Unpacking /home/blake/ti/ti-cgt-arm_16.9.6.LTS/lib/src/s__ioserr.h
Unpacking /home/blake/ti/ti-cgt-arm_16.9.6.LTS/lib/src/tdeh_unwinder.cpp
Unpacking /home/blake/ti/ti-cgt-arm_16.9.6.LTS/lib/src/_printfi_min.c
Unpacking /home/blake/ti/ti-cgt-arm_16.9.6.LTS/lib/src/u_tofd_t2.asm
Unpacking /home/blake/ti/ti-cgt-arm_16.9.6.LTS/lib/src/s__ctype.h
Unpacking /home/blake/ti/ti-cgt-arm_16.9.6.LTS/lib/src/vprintf.c
Unpacking /home/blake/ti/ti-cgt-arm_16.9.6.LTS/lib/src/memzero.h
Unpacking /home/blake/ti/ti-cgt-arm_16.9.6.LTS/lib/src/s__prolog.h
Unpacking /home/blake/ti/ti-cgt-arm_16.9.6.LTS/lib/src/atoll.c
Unpacking /home/blake/ti/ti-cgt-arm_16.9.6.LTS/lib/src/functional
Unpacking /home/blake/ti/ti-cgt-arm_16.9.6.LTS/lib/src/s__relops_cont.h
Unpacking /home/blake/ti/ti-cgt-arm_16.9.6.LTS/lib/src/u_tofd16.asm
Unpacking /home/blake/ti/ti-cgt-arm_16.9.6.LTS/lib/src/new_.cpp
Unpacking /home/blake/ti/ti-cgt-arm_16.9.6.LTS/lib/src/_tls.h
Unpacking /home/blake/ti/ti-cgt-arm_16.9.6.LTS/lib/src/s__tree.h
Unpacking /home/blake/ti/ti-cgt-arm_16.9.6.LTS/lib/src/exception_.cpp
Unpacking /home/blake/ti/ti-cgt-arm_16.9.6.LTS/lib/src/_printfi.c
Unpacking /home/blake/ti/ti-cgt-arm_16.9.6.LTS/lib/src/fs_cmp16.asm
Unpacking /home/blake/ti/ti-cgt-arm_16.9.6.LTS/lib/src/_tvaltostr.c
Unpacking /home/blake/ti/ti-cgt-arm_16.9.6.LTS/lib/src/string.cpp
Unpacking /home/blake/ti/ti-cgt-arm_16.9.6.LTS/lib/src/hostrename.c
Unpacking /home/blake/ti/ti-cgt-arm_16.9.6.LTS/lib/src/_lock.h
Unpacking /home/blake/ti/ti-cgt-arm_16.9.6.LTS/lib/src/hostclock.c
Unpacking /home/blake/ti/ti-cgt-arm_16.9.6.LTS/lib/src/s__stream_iterator.h
Unpacking /home/blake/ti/ti-cgt-arm_16.9.6.LTS/lib/src/s__tempbuf.c
Unpacking /home/blake/ti/ti-cgt-arm_16.9.6.LTS/lib/src/s_boost_type_traits.h
Unpacking /home/blake/ti/ti-cgt-arm_16.9.6.LTS/lib/src/stdio.h
Unpacking /home/blake/ti/ti-cgt-arm_16.9.6.LTS/lib/src/catrig.c
Unpacking /home/blake/ti/ti-cgt-arm_16.9.6.LTS/lib/src/e_lgamma_r.c
Unpacking /home/blake/ti/ti-cgt-arm_16.9.6.LTS/lib/src/pure_virt.cpp
Unpacking /home/blake/ti/ti-cgt-arm_16.9.6.LTS/lib/src/k_tanf.c
Unpacking /home/blake/ti/ti-cgt-arm_16.9.6.LTS/lib/src/fd_toll_ti_vfp.c
Unpacking /home/blake/ti/ti-cgt-arm_16.9.6.LTS/lib/src/s_llroundl.c
Unpacking /home/blake/ti/ti-cgt-arm_16.9.6.LTS/lib/src/setjmp.h
Unpacking /home/blake/ti/ti-cgt-arm_16.9.6.LTS/lib/src/e_exp.c
Unpacking /home/blake/ti/ti-cgt-arm_16.9.6.LTS/lib/src/s__string_base.h
Unpacking /home/blake/ti/ti-cgt-arm_16.9.6.LTS/lib/src/w_cabsf.c
Unpacking /home/blake/ti/ti-cgt-arm_16.9.6.LTS/lib/src/s_round.c
Unpacking /home/blake/ti/ti-cgt-arm_16.9.6.LTS/lib/src/copy_decompress_none.c
Unpacking /home/blake/ti/ti-cgt-arm_16.9.6.LTS/lib/src/s__hash_fun.h
Unpacking /home/blake/ti/ti-cgt-arm_16.9.6.LTS/lib/src/rope
Unpacking /home/blake/ti/ti-cgt-arm_16.9.6.LTS/lib/src/s_p__tools.h
Unpacking /home/blake/ti/ti-cgt-arm_16.9.6.LTS/lib/src/memcpy32.asm
Unpacking /home/blake/ti/ti-cgt-arm_16.9.6.LTS/lib/src/fs_tod_t2.asm
Unpacking /home/blake/ti/ti-cgt-arm_16.9.6.LTS/lib/src/complex_trig.cpp
Unpacking /home/blake/ti/ti-cgt-arm_16.9.6.LTS/lib/src/args_main.c
Unpacking /home/blake/ti/ti-cgt-arm_16.9.6.LTS/lib/src/fseek.c
Unpacking /home/blake/ti/ti-cgt-arm_16.9.6.LTS/lib/src/_ctype.cpp
Unpacking /home/blake/ti/ti-cgt-arm_16.9.6.LTS/lib/src/s__rope.c
Unpacking /home/blake/ti/ti-cgt-arm_16.9.6.LTS/lib/src/e_acos.c
Unpacking /home/blake/ti/ti-cgt-arm_16.9.6.LTS/lib/src/s_c__ti.h
Unpacking /home/blake/ti/ti-cgt-arm_16.9.6.LTS/lib/src/dtor_list.cpp
Unpacking /home/blake/ti/ti-cgt-arm_16.9.6.LTS/lib/src/s_ilogb.c
Unpacking /home/blake/ti/ti-cgt-arm_16.9.6.LTS/lib/src/s__heap.h
Unpacking /home/blake/ti/ti-cgt-arm_16.9.6.LTS/lib/src/stdarg.h
Unpacking /home/blake/ti/ti-cgt-arm_16.9.6.LTS/lib/src/message_facets.h
Unpacking /home/blake/ti/ti-cgt-arm_16.9.6.LTS/lib/src/s_remquo.c
Unpacking /home/blake/ti/ti-cgt-arm_16.9.6.LTS/lib/src/s_c_user_config.h
Unpacking /home/blake/ti/ti-cgt-arm_16.9.6.LTS/lib/src/s_ctanh.c
Unpacking /home/blake/ti/ti-cgt-arm_16.9.6.LTS/lib/src/copy_decompress_lzss.c
Unpacking /home/blake/ti/ti-cgt-arm_16.9.6.LTS/lib/src/ll_lsr_t2.asm
Unpacking /home/blake/ti/ti-cgt-arm_16.9.6.LTS/lib/src/strftime.c
Unpacking /home/blake/ti/ti-cgt-arm_16.9.6.LTS/lib/src/s_fma.c
Unpacking /home/blake/ti/ti-cgt-arm_16.9.6.LTS/lib/src/fs_cmp_t2.asm
Unpacking /home/blake/ti/ti-cgt-arm_16.9.6.LTS/lib/src/s_logb.c
Unpacking /home/blake/ti/ti-cgt-arm_16.9.6.LTS/lib/src/hostread.c
Unpacking /home/blake/ti/ti-cgt-arm_16.9.6.LTS/lib/src/fs_div16.asm
Unpacking /home/blake/ti/ti-cgt-arm_16.9.6.LTS/lib/src/s__valarray.h
Unpacking /home/blake/ti/ti-cgt-arm_16.9.6.LTS/lib/src/acquire_release.h
Unpacking /home/blake/ti/ti-cgt-arm_16.9.6.LTS/lib/src/allocators.cpp
Unpacking /home/blake/ti/ti-cgt-arm_16.9.6.LTS/lib/src/k_sinf.c
Unpacking /home/blake/ti/ti-cgt-arm_16.9.6.LTS/lib/src/autoinit.c
Unpacking /home/blake/ti/ti-cgt-arm_16.9.6.LTS/lib/src/math.h
Unpacking /home/blake/ti/ti-cgt-arm_16.9.6.LTS/lib/src/hostwrite.c
Unpacking /home/blake/ti/ti-cgt-arm_16.9.6.LTS/lib/src/s_clogl.c
Unpacking /home/blake/ti/ti-cgt-arm_16.9.6.LTS/lib/src/config.h
Unpacking /home/blake/ti/ti-cgt-arm_16.9.6.LTS/lib/src/_fmt_specifier.h
Unpacking /home/blake/ti/ti-cgt-arm_16.9.6.LTS/lib/src/abs.c
Unpacking /home/blake/ti/ti-cgt-arm_16.9.6.LTS/lib/src/s_p__slist.h
Unpacking /home/blake/ti/ti-cgt-arm_16.9.6.LTS/lib/src/s__hash_map.h
Unpacking /home/blake/ti/ti-cgt-arm_16.9.6.LTS/lib/src/_reg_mutex_api.h
Unpacking /home/blake/ti/ti-cgt-arm_16.9.6.LTS/lib/src/s__queue.h
Unpacking /home/blake/ti/ti-cgt-arm_16.9.6.LTS/lib/src/errno.h
Unpacking /home/blake/ti/ti-cgt-arm_16.9.6.LTS/lib/src/vec_newdel.h
Unpacking /home/blake/ti/ti-cgt-arm_16.9.6.LTS/lib/src/ll_asr32.asm
Unpacking /home/blake/ti/ti-cgt-arm_16.9.6.LTS/lib/src/rewind.c
Unpacking /home/blake/ti/ti-cgt-arm_16.9.6.LTS/lib/src/unified_locale.cpp
Unpacking /home/blake/ti/ti-cgt-arm_16.9.6.LTS/lib/src/ll_mul_t2.asm
Unpacking /home/blake/ti/ti-cgt-arm_16.9.6.LTS/lib/src/strtof.c
Unpacking /home/blake/ti/ti-cgt-arm_16.9.6.LTS/lib/src/qsort.c
Unpacking /home/blake/ti/ti-cgt-arm_16.9.6.LTS/lib/src/s_clogf.c
Unpacking /home/blake/ti/ti-cgt-arm_16.9.6.LTS/lib/src/_data_synch.h
Unpacking /home/blake/ti/ti-cgt-arm_16.9.6.LTS/lib/src/ctype.c
Unpacking /home/blake/ti/ti-cgt-arm_16.9.6.LTS/lib/src/limits
Unpacking /home/blake/ti/ti-cgt-arm_16.9.6.LTS/lib/src/getenv.c
Unpacking /home/blake/ti/ti-cgt-arm_16.9.6.LTS/lib/src/s_ceilf.c
Unpacking /home/blake/ti/ti-cgt-arm_16.9.6.LTS/lib/src/s__algo.c
Unpacking /home/blake/ti/ti-cgt-arm_16.9.6.LTS/lib/src/s_nextafter.c
Unpacking /home/blake/ti/ti-cgt-arm_16.9.6.LTS/lib/src/wcsncpy.c
Unpacking /home/blake/ti/ti-cgt-arm_16.9.6.LTS/lib/src/sstream
Unpacking /home/blake/ti/ti-cgt-arm_16.9.6.LTS/lib/src/remove.c
Unpacking /home/blake/ti/ti-cgt-arm_16.9.6.LTS/lib/src/locale.h
Unpacking /home/blake/ti/ti-cgt-arm_16.9.6.LTS/lib/src/array_nonew.cpp
Unpacking /home/blake/ti/ti-cgt-arm_16.9.6.LTS/lib/src/s_fdim.c
Unpacking /home/blake/ti/ti-cgt-arm_16.9.6.LTS/lib/src/stkchk_t2.asm
Unpacking /home/blake/ti/ti-cgt-arm_16.9.6.LTS/lib/src/imaxdiv.c
Unpacking /home/blake/ti/ti-cgt-arm_16.9.6.LTS/lib/src/locale_impl.cpp
Unpacking /home/blake/ti/ti-cgt-arm_16.9.6.LTS/lib/src/fs_tod32.asm
Unpacking /home/blake/ti/ti-cgt-arm_16.9.6.LTS/lib/src/s_p__deque.h
Unpacking /home/blake/ti/ti-cgt-arm_16.9.6.LTS/lib/src/ctime64.c
Unpacking /home/blake/ti/ti-cgt-arm_16.9.6.LTS/lib/src/s__list.c
Unpacking /home/blake/ti/ti-cgt-arm_16.9.6.LTS/lib/src/imaxabs.c
Unpacking /home/blake/ti/ti-cgt-arm_16.9.6.LTS/lib/src/fd_add_t2.asm
Unpacking /home/blake/ti/ti-cgt-arm_16.9.6.LTS/lib/src/k_rem_pio2.c
Unpacking /home/blake/ti/ti-cgt-arm_16.9.6.LTS/lib/src/ll_mul16.asm
Unpacking /home/blake/ti/ti-cgt-arm_16.9.6.LTS/lib/src/s__set.h
Unpacking /home/blake/ti/ti-cgt-arm_16.9.6.LTS/lib/src/s_cbrt.c
Unpacking /home/blake/ti/ti-cgt-arm_16.9.6.LTS/lib/src/_printfi_nf.c
Unpacking /home/blake/ti/ti-cgt-arm_16.9.6.LTS/lib/src/fs_toull_ti_vfp.c
Unpacking /home/blake/ti/ti-cgt-arm_16.9.6.LTS/lib/src/cpp_inline_math.h
Unpacking /home/blake/ti/ti-cgt-arm_16.9.6.LTS/lib/src/s_type_manips.h
Unpacking /home/blake/ti/ti-cgt-arm_16.9.6.LTS/lib/src/fd_toi16.asm
Unpacking /home/blake/ti/ti-cgt-arm_16.9.6.LTS/lib/src/fs_toull32.asm
Unpacking /home/blake/ti/ti-cgt-arm_16.9.6.LTS/lib/src/strtoul.c
Unpacking /home/blake/ti/ti-cgt-arm_16.9.6.LTS/lib/src/fd_mul16.asm
Unpacking /home/blake/ti/ti-cgt-arm_16.9.6.LTS/lib/src/unaligned_t2.asm
Unpacking /home/blake/ti/ti-cgt-arm_16.9.6.LTS/lib/src/autoinit.h
Unpacking /home/blake/ti/ti-cgt-arm_16.9.6.LTS/lib/src/fd_eabi16.asm
Unpacking /home/blake/ti/ti-cgt-arm_16.9.6.LTS/lib/src/fs_eabi16.asm
Unpacking /home/blake/ti/ti-cgt-arm_16.9.6.LTS/lib/src/ll_cmp16.asm
Unpacking /home/blake/ti/ti-cgt-arm_16.9.6.LTS/lib/src/isprint.c
Unpacking /home/blake/ti/ti-cgt-arm_16.9.6.LTS/lib/src/div.c
Unpacking /home/blake/ti/ti-cgt-arm_16.9.6.LTS/lib/src/s__clocale.h
Unpacking /home/blake/ti/ti-cgt-arm_16.9.6.LTS/lib/src/s__ostreambuf_iterator.h
Unpacking /home/blake/ti/ti-cgt-arm_16.9.6.LTS/lib/src/strstream
Unpacking /home/blake/ti/ti-cgt-arm_16.9.6.LTS/lib/src/k_cosf.c
Unpacking /home/blake/ti/ti-cgt-arm_16.9.6.LTS/lib/src/iscntrl.c
Unpacking /home/blake/ti/ti-cgt-arm_16.9.6.LTS/lib/src/sstream.cpp
Unpacking /home/blake/ti/ti-cgt-arm_16.9.6.LTS/lib/src/strcasecmp.c
Unpacking /home/blake/ti/ti-cgt-arm_16.9.6.LTS/lib/src/vec_cctor.cpp
Unpacking /home/blake/ti/ti-cgt-arm_16.9.6.LTS/lib/src/s_exp2.c
Unpacking /home/blake/ti/ti-cgt-arm_16.9.6.LTS/lib/src/s__iostream_string.h
Unpacking /home/blake/ti/ti-cgt-arm_16.9.6.LTS/lib/src/strpbrk.c
Unpacking /home/blake/ti/ti-cgt-arm_16.9.6.LTS/lib/src/no_stm_memcpy_t2.asm
Unpacking /home/blake/ti/ti-cgt-arm_16.9.6.LTS/lib/src/_scanfi_min.c
Unpacking /home/blake/ti/ti-cgt-arm_16.9.6.LTS/lib/src/num_put_float.cpp
Unpacking /home/blake/ti/ti-cgt-arm_16.9.6.LTS/lib/src/i_tofd16.asm
Unpacking /home/blake/ti/ti-cgt-arm_16.9.6.LTS/lib/src/_mutex.h
Unpacking /home/blake/ti/ti-cgt-arm_16.9.6.LTS/lib/src/s__time_facets.c
Unpacking /home/blake/ti/ti-cgt-arm_16.9.6.LTS/lib/src/s_c__epilog.h
Unpacking /home/blake/ti/ti-cgt-arm_16.9.6.LTS/lib/src/e_sinhf.c
Unpacking /home/blake/ti/ti-cgt-arm_16.9.6.LTS/lib/src/vsnprintf.c
Unpacking /home/blake/ti/ti-cgt-arm_16.9.6.LTS/lib/src/ll_mul32.asm
Unpacking /home/blake/ti/ti-cgt-arm_16.9.6.LTS/lib/src/s__istreambuf_iterator.h
Unpacking /home/blake/ti/ti-cgt-arm_16.9.6.LTS/lib/src/tmpfile.c
Unpacking /home/blake/ti/ti-cgt-arm_16.9.6.LTS/lib/src/s_tanh.c
Unpacking /home/blake/ti/ti-cgt-arm_16.9.6.LTS/lib/src/s__auto_ptr.h
Unpacking /home/blake/ti/ti-cgt-arm_16.9.6.LTS/lib/src/ull_tofs32.asm
Unpacking /home/blake/ti/ti-cgt-arm_16.9.6.LTS/lib/src/k_expf.c
Unpacking /home/blake/ti/ti-cgt-arm_16.9.6.LTS/lib/src/tdeh_uwentry_t2.asm
Unpacking /home/blake/ti/ti-cgt-arm_16.9.6.LTS/lib/src/s_c__system.h
Unpacking /home/blake/ti/ti-cgt-arm_16.9.6.LTS/lib/src/cctype
Unpacking /home/blake/ti/ti-cgt-arm_16.9.6.LTS/lib/src/array_nodel.cpp
Unpacking /home/blake/ti/ti-cgt-arm_16.9.6.LTS/lib/src/setjmp32.asm
Unpacking /home/blake/ti/ti-cgt-arm_16.9.6.LTS/lib/src/e_powf.c
Unpacking /home/blake/ti/ti-cgt-arm_16.9.6.LTS/lib/src/s__ostream.c
Unpacking /home/blake/ti/ti-cgt-arm_16.9.6.LTS/lib/src/ll_div_t2.asm
Unpacking /home/blake/ti/ti-cgt-arm_16.9.6.LTS/lib/src/fs_toll_ti_vfp.c
Unpacking /home/blake/ti/ti-cgt-arm_16.9.6.LTS/lib/src/s_p__vector.h
Unpacking /home/blake/ti/ti-cgt-arm_16.9.6.LTS/lib/src/u_tofs_t2.asm
Unpacking /home/blake/ti/ti-cgt-arm_16.9.6.LTS/lib/src/vfprintf.c
Unpacking /home/blake/ti/ti-cgt-arm_16.9.6.LTS/lib/src/abi_prefix.h
Unpacking /home/blake/ti/ti-cgt-arm_16.9.6.LTS/lib/src/s__numeric.c
Unpacking /home/blake/ti/ti-cgt-arm_16.9.6.LTS/lib/src/s_scalbln.c
Unpacking /home/blake/ti/ti-cgt-arm_16.9.6.LTS/lib/src/s_rintf.c
Unpacking /home/blake/ti/ti-cgt-arm_16.9.6.LTS/lib/src/fs_tod16.asm
Unpacking /home/blake/ti/ti-cgt-arm_16.9.6.LTS/lib/src/mpu_init.c
Unpacking /home/blake/ti/ti-cgt-arm_16.9.6.LTS/lib/src/ostream
Unpacking /home/blake/ti/ti-cgt-arm_16.9.6.LTS/lib/src/AUTOSAR31/Compiler.h
Unpacking /home/blake/ti/ti-cgt-arm_16.9.6.LTS/lib/src/AUTOSAR31/Compiler_Cfg.h
Unpacking /home/blake/ti/ti-cgt-arm_16.9.6.LTS/lib/src/AUTOSAR31/Platform_Types.h
Unpacking /home/blake/ti/ti-cgt-arm_16.9.6.LTS/lib/src/AUTOSAR31/Std_Types.h
Unpacking /home/blake/ti/ti-cgt-arm_16.9.6.LTS/lib/src/.wipe
Unpacking /home/blake/ti/ti-cgt-arm_16.9.6.LTS/include/streambuf
Unpacking /home/blake/ti/ti-cgt-arm_16.9.6.LTS/include/s__alloc.c
Unpacking /home/blake/ti/ti-cgt-arm_16.9.6.LTS/include/complex
Unpacking /home/blake/ti/ti-cgt-arm_16.9.6.LTS/include/s_p__set.h
Unpacking /home/blake/ti/ti-cgt-arm_16.9.6.LTS/include/locale
Unpacking /home/blake/ti/ti-cgt-arm_16.9.6.LTS/include/s__rope.h
Unpacking /home/blake/ti/ti-cgt-arm_16.9.6.LTS/include/vector
Unpacking /home/blake/ti/ti-cgt-arm_16.9.6.LTS/include/tgmath.h
Unpacking /home/blake/ti/ti-cgt-arm_16.9.6.LTS/include/s__monetary.h
Unpacking /home/blake/ti/ti-cgt-arm_16.9.6.LTS/include/s__ios.c
Unpacking /home/blake/ti/ti-cgt-arm_16.9.6.LTS/include/s__relops_hash_cont.h
Unpacking /home/blake/ti/ti-cgt-arm_16.9.6.LTS/include/s__complex.c
Unpacking /home/blake/ti/ti-cgt-arm_16.9.6.LTS/include/unordered_map
Unpacking /home/blake/ti/ti-cgt-arm_16.9.6.LTS/include/typeinfo
Unpacking /home/blake/ti/ti-cgt-arm_16.9.6.LTS/include/cfloat
Unpacking /home/blake/ti/ti-cgt-arm_16.9.6.LTS/include/s__streambuf.h
Unpacking /home/blake/ti/ti-cgt-arm_16.9.6.LTS/include/s__fstream.c
Unpacking /home/blake/ti/ti-cgt-arm_16.9.6.LTS/include/s__pair.h
Unpacking /home/blake/ti/ti-cgt-arm_16.9.6.LTS/include/s_c_host.h
Unpacking /home/blake/ti/ti-cgt-arm_16.9.6.LTS/include/s__hashtable.h
Unpacking /home/blake/ti/ti-cgt-arm_16.9.6.LTS/include/s__string_hash.h
Unpacking /home/blake/ti/ti-cgt-arm_16.9.6.LTS/include/slist
Unpacking /home/blake/ti/ti-cgt-arm_16.9.6.LTS/include/pthread_alloc
Unpacking /home/blake/ti/ti-cgt-arm_16.9.6.LTS/include/s_d__debug.h
Unpacking /home/blake/ti/ti-cgt-arm_16.9.6.LTS/include/fenv-softfloat.h
Unpacking /home/blake/ti/ti-cgt-arm_16.9.6.LTS/include/s__config_compat_post.h
Unpacking /home/blake/ti/ti-cgt-arm_16.9.6.LTS/include/fstream
Unpacking /home/blake/ti/ti-cgt-arm_16.9.6.LTS/include/new
Unpacking /home/blake/ti/ti-cgt-arm_16.9.6.LTS/include/s__list.h
Unpacking /home/blake/ti/ti-cgt-arm_16.9.6.LTS/include/s__stdexcept_base.h
Unpacking /home/blake/ti/ti-cgt-arm_16.9.6.LTS/include/s_c_features.h
Unpacking /home/blake/ti/ti-cgt-arm_16.9.6.LTS/include/s__string_sum_methods.h
Unpacking /home/blake/ti/ti-cgt-arm_16.9.6.LTS/include/file.h
Unpacking /home/blake/ti/ti-cgt-arm_16.9.6.LTS/include/etsi.h
Unpacking /home/blake/ti/ti-cgt-arm_16.9.6.LTS/include/cstdio
Unpacking /home/blake/ti/ti-cgt-arm_16.9.6.LTS/include/_defs.h
Unpacking /home/blake/ti/ti-cgt-arm_16.9.6.LTS/include/ciso646
Unpacking /home/blake/ti/ti-cgt-arm_16.9.6.LTS/include/_isfuncdef.h
Unpacking /home/blake/ti/ti-cgt-arm_16.9.6.LTS/include/s__exception.h
Unpacking /home/blake/ti/ti-cgt-arm_16.9.6.LTS/include/s__string_npos.h
Unpacking /home/blake/ti/ti-cgt-arm_16.9.6.LTS/include/s__ios_base.h
Unpacking /home/blake/ti/ti-cgt-arm_16.9.6.LTS/include/s__stdexcept.h
Unpacking /home/blake/ti/ti-cgt-arm_16.9.6.LTS/include/stdbool.h
Unpacking /home/blake/ti/ti-cgt-arm_16.9.6.LTS/include/s__iterator.h
Unpacking /home/blake/ti/ti-cgt-arm_16.9.6.LTS/include/s__threads.h
Unpacking /home/blake/ti/ti-cgt-arm_16.9.6.LTS/include/s__unordered_set.h
Unpacking /home/blake/ti/ti-cgt-arm_16.9.6.LTS/include/s__slist_base.h
Unpacking /home/blake/ti/ti-cgt-arm_16.9.6.LTS/include/s__raw_storage_iter.h
Unpacking /home/blake/ti/ti-cgt-arm_16.9.6.LTS/include/map
Unpacking /home/blake/ti/ti-cgt-arm_16.9.6.LTS/include/elf_linkage.h
Unpacking /home/blake/ti/ti-cgt-arm_16.9.6.LTS/include/iostream
Unpacking /home/blake/ti/ti-cgt-arm_16.9.6.LTS/include/s__iosfwd.h
Unpacking /home/blake/ti/ti-cgt-arm_16.9.6.LTS/include/s__function_adaptors.h
Unpacking /home/blake/ti/ti-cgt-arm_16.9.6.LTS/include/s__strstream.h
Unpacking /home/blake/ti/ti-cgt-arm_16.9.6.LTS/include/s__ctime.h
Unpacking /home/blake/ti/ti-cgt-arm_16.9.6.LTS/include/fenv.h
Unpacking /home/blake/ti/ti-cgt-arm_16.9.6.LTS/include/s__tree.c
Unpacking /home/blake/ti/ti-cgt-arm_16.9.6.LTS/include/s__cwctype.h
Unpacking /home/blake/ti/ti-cgt-arm_16.9.6.LTS/include/s__cmath.h
Unpacking /home/blake/ti/ti-cgt-arm_16.9.6.LTS/include/stddef.h
Unpacking /home/blake/ti/ti-cgt-arm_16.9.6.LTS/include/wchar.h
Unpacking /home/blake/ti/ti-cgt-arm_16.9.6.LTS/include/s__hashtable.c
Unpacking /home/blake/ti/ti-cgt-arm_16.9.6.LTS/include/cerrno
Unpacking /home/blake/ti/ti-cgt-arm_16.9.6.LTS/include/s__deque.h
Unpacking /home/blake/ti/ti-cgt-arm_16.9.6.LTS/include/time.h
Unpacking /home/blake/ti/ti-cgt-arm_16.9.6.LTS/include/signal.h
Unpacking /home/blake/ti/ti-cgt-arm_16.9.6.LTS/include/s__num_get.h
Unpacking /home/blake/ti/ti-cgt-arm_16.9.6.LTS/include/float.h
Unpacking /home/blake/ti/ti-cgt-arm_16.9.6.LTS/include/s__ctraits_fns.h
Unpacking /home/blake/ti/ti-cgt-arm_16.9.6.LTS/include/algorithm
Unpacking /home/blake/ti/ti-cgt-arm_16.9.6.LTS/include/utility
Unpacking /home/blake/ti/ti-cgt-arm_16.9.6.LTS/include/exception
Unpacking /home/blake/ti/ti-cgt-arm_16.9.6.LTS/include/linkage.h
Unpacking /home/blake/ti/ti-cgt-arm_16.9.6.LTS/include/s_p__list.h
Unpacking /home/blake/ti/ti-cgt-arm_16.9.6.LTS/include/hash_map
Unpacking /home/blake/ti/ti-cgt-arm_16.9.6.LTS/include/iosfwd
Unpacking /home/blake/ti/ti-cgt-arm_16.9.6.LTS/include/s__slist.c
Unpacking /home/blake/ti/ti-cgt-arm_16.9.6.LTS/include/s_char_traits.h
Unpacking /home/blake/ti/ti-cgt-arm_16.9.6.LTS/include/s_concept_checks.h
Unpacking /home/blake/ti/ti-cgt-arm_16.9.6.LTS/include/s__map.h
Unpacking /home/blake/ti/ti-cgt-arm_16.9.6.LTS/include/pprof.h
Unpacking /home/blake/ti/ti-cgt-arm_16.9.6.LTS/include/s__cctype.h
Unpacking /home/blake/ti/ti-cgt-arm_16.9.6.LTS/include/s__iterator_base.h
Unpacking /home/blake/ti/ti-cgt-arm_16.9.6.LTS/include/s__algo.h
Unpacking /home/blake/ti/ti-cgt-arm_16.9.6.LTS/include/hash_set
Unpacking /home/blake/ti/ti-cgt-arm_16.9.6.LTS/include/string.h
Unpacking /home/blake/ti/ti-cgt-arm_16.9.6.LTS/include/s__heap.c
Unpacking /home/blake/ti/ti-cgt-arm_16.9.6.LTS/include/cwchar
Unpacking /home/blake/ti/ti-cgt-arm_16.9.6.LTS/include/s__codecvt.h
Unpacking /home/blake/ti/ti-cgt-arm_16.9.6.LTS/include/inttypes.h
Unpacking /home/blake/ti/ti-cgt-arm_16.9.6.LTS/include/strings.h
Unpacking /home/blake/ti/ti-cgt-arm_16.9.6.LTS/include/csignal
Unpacking /home/blake/ti/ti-cgt-arm_16.9.6.LTS/include/s__limits.h
Unpacking /home/blake/ti/ti-cgt-arm_16.9.6.LTS/include/s__unordered_map.h
Unpacking /home/blake/ti/ti-cgt-arm_16.9.6.LTS/include/s__numpunct.h
Unpacking /home/blake/ti/ti-cgt-arm_16.9.6.LTS/include/s__num_put.c
Unpacking /home/blake/ti/ti-cgt-arm_16.9.6.LTS/include/s_c_compat.h
Unpacking /home/blake/ti/ti-cgt-arm_16.9.6.LTS/include/cwctype
Unpacking /home/blake/ti/ti-cgt-arm_16.9.6.LTS/include/ctype.h
Unpacking /home/blake/ti/ti-cgt-arm_16.9.6.LTS/include/s__stlport_version.h
Unpacking /home/blake/ti/ti-cgt-arm_16.9.6.LTS/include/s__uninitialized.h
Unpacking /home/blake/ti/ti-cgt-arm_16.9.6.LTS/include/stdlib.h
Unpacking /home/blake/ti/ti-cgt-arm_16.9.6.LTS/include/s_c_stl_confix.h
Unpacking /home/blake/ti/ti-cgt-arm_16.9.6.LTS/include/s__move_construct_fwk.h
Unpacking /home/blake/ti/ti-cgt-arm_16.9.6.LTS/include/s__time_facets.h
Unpacking /home/blake/ti/ti-cgt-arm_16.9.6.LTS/include/e_typeinfo
Unpacking /home/blake/ti/ti-cgt-arm_16.9.6.LTS/include/climits
Unpacking /home/blake/ti/ti-cgt-arm_16.9.6.LTS/include/cstdlib
Unpacking /home/blake/ti/ti-cgt-arm_16.9.6.LTS/include/s__cstdio.h
Unpacking /home/blake/ti/ti-cgt-arm_16.9.6.LTS/include/wctype.h
Unpacking /home/blake/ti/ti-cgt-arm_16.9.6.LTS/include/set
Unpacking /home/blake/ti/ti-cgt-arm_16.9.6.LTS/include/_pthread.h
Unpacking /home/blake/ti/ti-cgt-arm_16.9.6.LTS/include/s__sstream.h
Unpacking /home/blake/ti/ti-cgt-arm_16.9.6.LTS/include/memory
Unpacking /home/blake/ti/ti-cgt-arm_16.9.6.LTS/include/bitset
Unpacking /home/blake/ti/ti-cgt-arm_16.9.6.LTS/include/trgdrv.h
Unpacking /home/blake/ti/ti-cgt-arm_16.9.6.LTS/include/limits.h
Unpacking /home/blake/ti/ti-cgt-arm_16.9.6.LTS/include/s__valarray.c
Unpacking /home/blake/ti/ti-cgt-arm_16.9.6.LTS/include/cmath
Unpacking /home/blake/ti/ti-cgt-arm_16.9.6.LTS/include/s__bitset.h
Unpacking /home/blake/ti/ti-cgt-arm_16.9.6.LTS/include/s__string_fwd.h
Unpacking /home/blake/ti/ti-cgt-arm_16.9.6.LTS/include/s__iterator_old.h
Unpacking /home/blake/ti/ti-cgt-arm_16.9.6.LTS/include/cstdarg
Unpacking /home/blake/ti/ti-cgt-arm_16.9.6.LTS/include/s__fstream.h
Unpacking /home/blake/ti/ti-cgt-arm_16.9.6.LTS/include/s__threads.c
Unpacking /home/blake/ti/ti-cgt-arm_16.9.6.LTS/include/s__function.h
Unpacking /home/blake/ti/ti-cgt-arm_16.9.6.LTS/include/ctime
Unpacking /home/blake/ti/ti-cgt-arm_16.9.6.LTS/include/s__epilog.h
Unpacking /home/blake/ti/ti-cgt-arm_16.9.6.LTS/include/s_c_locale.h
Unpacking /home/blake/ti/ti-cgt-arm_16.9.6.LTS/include/s__stdexcept_base.c
Unpacking /home/blake/ti/ti-cgt-arm_16.9.6.LTS/include/cstring
Unpacking /home/blake/ti/ti-cgt-arm_16.9.6.LTS/include/s__collate.h
Unpacking /home/blake/ti/ti-cgt-arm_16.9.6.LTS/include/type_traits
Unpacking /home/blake/ti/ti-cgt-arm_16.9.6.LTS/include/stack
Unpacking /home/blake/ti/ti-cgt-arm_16.9.6.LTS/include/complex.h
Unpacking /home/blake/ti/ti-cgt-arm_16.9.6.LTS/include/clocale
Unpacking /home/blake/ti/ti-cgt-arm_16.9.6.LTS/include/s__bvector.h
Unpacking /home/blake/ti/ti-cgt-arm_16.9.6.LTS/include/s__range_errors.h
Unpacking /home/blake/ti/ti-cgt-arm_16.9.6.LTS/include/queue
Unpacking /home/blake/ti/ti-cgt-arm_16.9.6.LTS/include/s__istream.h
Unpacking /home/blake/ti/ti-cgt-arm_16.9.6.LTS/include/s__mbstate_t.h
Unpacking /home/blake/ti/ti-cgt-arm_16.9.6.LTS/include/ios
Unpacking /home/blake/ti/ti-cgt-arm_16.9.6.LTS/include/s__string.h
Unpacking /home/blake/ti/ti-cgt-arm_16.9.6.LTS/include/s__stack.h
Unpacking /home/blake/ti/ti-cgt-arm_16.9.6.LTS/include/unordered_set
Unpacking /home/blake/ti/ti-cgt-arm_16.9.6.LTS/include/iterator
Unpacking /home/blake/ti/ti-cgt-arm_16.9.6.LTS/include/s__num_put.h
Unpacking /home/blake/ti/ti-cgt-arm_16.9.6.LTS/include/s__slist_base.c
Unpacking /home/blake/ti/ti-cgt-arm_16.9.6.LTS/include/s__typeinfo.h
Unpacking /home/blake/ti/ti-cgt-arm_16.9.6.LTS/include/istream
Unpacking /home/blake/ti/ti-cgt-arm_16.9.6.LTS/include/s_c__prolog.h
Unpacking /home/blake/ti/ti-cgt-arm_16.9.6.LTS/include/s__ios.h
Unpacking /home/blake/ti/ti-cgt-arm_16.9.6.LTS/include/e_new
Unpacking /home/blake/ti/ti-cgt-arm_16.9.6.LTS/include/stdexcept
Unpacking /home/blake/ti/ti-cgt-arm_16.9.6.LTS/include/s__string_operators.h
Unpacking /home/blake/ti/ti-cgt-arm_16.9.6.LTS/include/s__csignal.h
Unpacking /home/blake/ti/ti-cgt-arm_16.9.6.LTS/include/s__deque.c
Unpacking /home/blake/ti/ti-cgt-arm_16.9.6.LTS/include/s__num_get.c
Unpacking /home/blake/ti/ti-cgt-arm_16.9.6.LTS/include/s__limits.c
Unpacking /home/blake/ti/ti-cgt-arm_16.9.6.LTS/include/s__cstdarg.h
Unpacking /home/blake/ti/ti-cgt-arm_16.9.6.LTS/include/s__numeric.h
Unpacking /home/blake/ti/ti-cgt-arm_16.9.6.LTS/include/s__string_sum.h
Unpacking /home/blake/ti/ti-cgt-arm_16.9.6.LTS/include/s__carray.h
Unpacking /home/blake/ti/ti-cgt-arm_16.9.6.LTS/include/s__new.h
Unpacking /home/blake/ti/ti-cgt-arm_16.9.6.LTS/include/s__function_base.h
Unpacking /home/blake/ti/ti-cgt-arm_16.9.6.LTS/include/cpy_tbl.h
Unpacking /home/blake/ti/ti-cgt-arm_16.9.6.LTS/include/s__slist.h
Unpacking /home/blake/ti/ti-cgt-arm_16.9.6.LTS/include/s__istream.c
Unpacking /home/blake/ti/ti-cgt-arm_16.9.6.LTS/include/assert.h
Unpacking /home/blake/ti/ti-cgt-arm_16.9.6.LTS/include/s__string_io.h
Unpacking /home/blake/ti/ti-cgt-arm_16.9.6.LTS/include/csetjmp
Unpacking /home/blake/ti/ti-cgt-arm_16.9.6.LTS/include/iso646.h
Unpacking /home/blake/ti/ti-cgt-arm_16.9.6.LTS/include/s__hash_set.h
Unpacking /home/blake/ti/ti-cgt-arm_16.9.6.LTS/include/s__cprolog.h
Unpacking /home/blake/ti/ti-cgt-arm_16.9.6.LTS/include/numeric
Unpacking /home/blake/ti/ti-cgt-arm_16.9.6.LTS/include/s__alloc.h
Unpacking /home/blake/ti/ti-cgt-arm_16.9.6.LTS/include/s__ostream.h
Unpacking /home/blake/ti/ti-cgt-arm_16.9.6.LTS/include/s__cstddef.h
Unpacking /home/blake/ti/ti-cgt-arm_16.9.6.LTS/include/s__sstream.c
Unpacking /home/blake/ti/ti-cgt-arm_16.9.6.LTS/include/deque
Unpacking /home/blake/ti/ti-cgt-arm_16.9.6.LTS/include/s__construct.h
Unpacking /home/blake/ti/ti-cgt-arm_16.9.6.LTS/include/s__string_io.c
Unpacking /home/blake/ti/ti-cgt-arm_16.9.6.LTS/include/s__cwchar.h
Unpacking /home/blake/ti/ti-cgt-arm_16.9.6.LTS/include/s__monetary.c
Unpacking /home/blake/ti/ti-cgt-arm_16.9.6.LTS/include/iomanip
Unpacking /home/blake/ti/ti-cgt-arm_16.9.6.LTS/include/e_exception
Unpacking /home/blake/ti/ti-cgt-arm_16.9.6.LTS/include/s__range_errors.c
Unpacking /home/blake/ti/ti-cgt-arm_16.9.6.LTS/include/s__string.c
Unpacking /home/blake/ti/ti-cgt-arm_16.9.6.LTS/include/s__algobase.c
Unpacking /home/blake/ti/ti-cgt-arm_16.9.6.LTS/include/s__csetjmp.h
Unpacking /home/blake/ti/ti-cgt-arm_16.9.6.LTS/include/s__vector.h
Unpacking /home/blake/ti/ti-cgt-arm_16.9.6.LTS/include/s__pthread_alloc.h
Unpacking /home/blake/ti/ti-cgt-arm_16.9.6.LTS/include/cstddef
Unpacking /home/blake/ti/ti-cgt-arm_16.9.6.LTS/include/s__cstdlib.h
Unpacking /home/blake/ti/ti-cgt-arm_16.9.6.LTS/include/_isfuncdcl.h
Unpacking /home/blake/ti/ti-cgt-arm_16.9.6.LTS/include/s__ptrs_specialize.h
Unpacking /home/blake/ti/ti-cgt-arm_16.9.6.LTS/include/crc_defines.h
Unpacking /home/blake/ti/ti-cgt-arm_16.9.6.LTS/include/_reg_synch_api.h
Unpacking /home/blake/ti/ti-cgt-arm_16.9.6.LTS/include/s__algobase.h
Unpacking /home/blake/ti/ti-cgt-arm_16.9.6.LTS/include/list
Unpacking /home/blake/ti/ti-cgt-arm_16.9.6.LTS/include/cassert
Unpacking /home/blake/ti/ti-cgt-arm_16.9.6.LTS/include/s_type_traits.h
Unpacking /home/blake/ti/ti-cgt-arm_16.9.6.LTS/include/s__complex.h
Unpacking /home/blake/ti/ti-cgt-arm_16.9.6.LTS/include/valarray
Unpacking /home/blake/ti/ti-cgt-arm_16.9.6.LTS/include/s__locale.h
Unpacking /home/blake/ti/ti-cgt-arm_16.9.6.LTS/include/stdint.h
Unpacking /home/blake/ti/ti-cgt-arm_16.9.6.LTS/include/lowlev.h
Unpacking /home/blake/ti/ti-cgt-arm_16.9.6.LTS/include/s__vector.c
Unpacking /home/blake/ti/ti-cgt-arm_16.9.6.LTS/include/crc_tbl.h
Unpacking /home/blake/ti/ti-cgt-arm_16.9.6.LTS/include/s__iomanip.h
Unpacking /home/blake/ti/ti-cgt-arm_16.9.6.LTS/include/s__streambuf.c
Unpacking /home/blake/ti/ti-cgt-arm_16.9.6.LTS/include/s__bitset.c
Unpacking /home/blake/ti/ti-cgt-arm_16.9.6.LTS/include/s__tempbuf.h
Unpacking /home/blake/ti/ti-cgt-arm_16.9.6.LTS/include/s__facets_fwd.h
Unpacking /home/blake/ti/ti-cgt-arm_16.9.6.LTS/include/s__cstring.h
Unpacking /home/blake/ti/ti-cgt-arm_16.9.6.LTS/include/string
Unpacking /home/blake/ti/ti-cgt-arm_16.9.6.LTS/include/s__messages_facets.h
Unpacking /home/blake/ti/ti-cgt-arm_16.9.6.LTS/include/s__ioserr.h
Unpacking /home/blake/ti/ti-cgt-arm_16.9.6.LTS/include/s__ctype.h
Unpacking /home/blake/ti/ti-cgt-arm_16.9.6.LTS/include/s__prolog.h
Unpacking /home/blake/ti/ti-cgt-arm_16.9.6.LTS/include/functional
Unpacking /home/blake/ti/ti-cgt-arm_16.9.6.LTS/include/s__relops_cont.h
Unpacking /home/blake/ti/ti-cgt-arm_16.9.6.LTS/include/_tls.h
Unpacking /home/blake/ti/ti-cgt-arm_16.9.6.LTS/include/s__tree.h
Unpacking /home/blake/ti/ti-cgt-arm_16.9.6.LTS/include/_lock.h
Unpacking /home/blake/ti/ti-cgt-arm_16.9.6.LTS/include/s__stream_iterator.h
Unpacking /home/blake/ti/ti-cgt-arm_16.9.6.LTS/include/s__tempbuf.c
Unpacking /home/blake/ti/ti-cgt-arm_16.9.6.LTS/include/s_boost_type_traits.h
Unpacking /home/blake/ti/ti-cgt-arm_16.9.6.LTS/include/stdio.h
Unpacking /home/blake/ti/ti-cgt-arm_16.9.6.LTS/include/setjmp.h
Unpacking /home/blake/ti/ti-cgt-arm_16.9.6.LTS/include/s__string_base.h
Unpacking /home/blake/ti/ti-cgt-arm_16.9.6.LTS/include/s__hash_fun.h
Unpacking /home/blake/ti/ti-cgt-arm_16.9.6.LTS/include/rope
Unpacking /home/blake/ti/ti-cgt-arm_16.9.6.LTS/include/s_p__tools.h
Unpacking /home/blake/ti/ti-cgt-arm_16.9.6.LTS/include/s__rope.c
Unpacking /home/blake/ti/ti-cgt-arm_16.9.6.LTS/include/s_c__ti.h
Unpacking /home/blake/ti/ti-cgt-arm_16.9.6.LTS/include/s__heap.h
Unpacking /home/blake/ti/ti-cgt-arm_16.9.6.LTS/include/stdarg.h
Unpacking /home/blake/ti/ti-cgt-arm_16.9.6.LTS/include/s_c_user_config.h
Unpacking /home/blake/ti/ti-cgt-arm_16.9.6.LTS/include/s__valarray.h
Unpacking /home/blake/ti/ti-cgt-arm_16.9.6.LTS/include/math.h
Unpacking /home/blake/ti/ti-cgt-arm_16.9.6.LTS/include/_fmt_specifier.h
Unpacking /home/blake/ti/ti-cgt-arm_16.9.6.LTS/include/s_p__slist.h
Unpacking /home/blake/ti/ti-cgt-arm_16.9.6.LTS/include/s__hash_map.h
Unpacking /home/blake/ti/ti-cgt-arm_16.9.6.LTS/include/_reg_mutex_api.h
Unpacking /home/blake/ti/ti-cgt-arm_16.9.6.LTS/include/s__queue.h
Unpacking /home/blake/ti/ti-cgt-arm_16.9.6.LTS/include/errno.h
Unpacking /home/blake/ti/ti-cgt-arm_16.9.6.LTS/include/_data_synch.h
Unpacking /home/blake/ti/ti-cgt-arm_16.9.6.LTS/include/limits
Unpacking /home/blake/ti/ti-cgt-arm_16.9.6.LTS/include/s__algo.c
Unpacking /home/blake/ti/ti-cgt-arm_16.9.6.LTS/include/sstream
Unpacking /home/blake/ti/ti-cgt-arm_16.9.6.LTS/include/locale.h
Unpacking /home/blake/ti/ti-cgt-arm_16.9.6.LTS/include/s_p__deque.h
Unpacking /home/blake/ti/ti-cgt-arm_16.9.6.LTS/include/s__list.c
Unpacking /home/blake/ti/ti-cgt-arm_16.9.6.LTS/include/s__set.h
Unpacking /home/blake/ti/ti-cgt-arm_16.9.6.LTS/include/cpp_inline_math.h
Unpacking /home/blake/ti/ti-cgt-arm_16.9.6.LTS/include/s_type_manips.h
Unpacking /home/blake/ti/ti-cgt-arm_16.9.6.LTS/include/s__clocale.h
Unpacking /home/blake/ti/ti-cgt-arm_16.9.6.LTS/include/s__ostreambuf_iterator.h
Unpacking /home/blake/ti/ti-cgt-arm_16.9.6.LTS/include/strstream
Unpacking /home/blake/ti/ti-cgt-arm_16.9.6.LTS/include/s__iostream_string.h
Unpacking /home/blake/ti/ti-cgt-arm_16.9.6.LTS/include/_mutex.h
Unpacking /home/blake/ti/ti-cgt-arm_16.9.6.LTS/include/s__time_facets.c
Unpacking /home/blake/ti/ti-cgt-arm_16.9.6.LTS/include/s_c__epilog.h
Unpacking /home/blake/ti/ti-cgt-arm_16.9.6.LTS/include/s__istreambuf_iterator.h
Unpacking /home/blake/ti/ti-cgt-arm_16.9.6.LTS/include/s__auto_ptr.h
Unpacking /home/blake/ti/ti-cgt-arm_16.9.6.LTS/include/s_c__system.h
Unpacking /home/blake/ti/ti-cgt-arm_16.9.6.LTS/include/cctype
Unpacking /home/blake/ti/ti-cgt-arm_16.9.6.LTS/include/s__ostream.c
Unpacking /home/blake/ti/ti-cgt-arm_16.9.6.LTS/include/s_p__vector.h
Unpacking /home/blake/ti/ti-cgt-arm_16.9.6.LTS/include/abi_prefix.h
Unpacking /home/blake/ti/ti-cgt-arm_16.9.6.LTS/include/s__numeric.c
Unpacking /home/blake/ti/ti-cgt-arm_16.9.6.LTS/include/ostream
Unpacking /home/blake/ti/ti-cgt-arm_16.9.6.LTS/include/AUTOSAR31/Compiler.h
Unpacking /home/blake/ti/ti-cgt-arm_16.9.6.LTS/include/AUTOSAR31/Compiler_Cfg.h
Unpacking /home/blake/ti/ti-cgt-arm_16.9.6.LTS/include/AUTOSAR31/Platform_Types.h
Unpacking /home/blake/ti/ti-cgt-arm_16.9.6.LTS/include/AUTOSAR31/Std_Types.h
Unpacking /home/blake/ti/ti-cgt-arm_16.9.6.LTS/bin/armxref
Unpacking /home/blake/ti/ti-cgt-arm_16.9.6.LTS/bin/armacpia
Unpacking /home/blake/ti/ti-cgt-arm_16.9.6.LTS/bin/armlnk
Unpacking /home/blake/ti/ti-cgt-arm_16.9.6.LTS/bin/armopt
Unpacking /home/blake/ti/ti-cgt-arm_16.9.6.LTS/bin/armclist
Unpacking /home/blake/ti/ti-cgt-arm_16.9.6.LTS/bin/armpdd
Unpacking /home/blake/ti/ti-cgt-arm_16.9.6.LTS/bin/armadv
Unpacking /home/blake/ti/ti-cgt-arm_16.9.6.LTS/bin/armabs
Unpacking /home/blake/ti/ti-cgt-arm_16.9.6.LTS/bin/armdem
Unpacking /home/blake/ti/ti-cgt-arm_16.9.6.LTS/bin/armcl
Unpacking /home/blake/ti/ti-cgt-arm_16.9.6.LTS/bin/armembed
Unpacking /home/blake/ti/ti-cgt-arm_16.9.6.LTS/bin/armar
Unpacking /home/blake/ti/ti-cgt-arm_16.9.6.LTS/bin/armlibinfo
Unpacking /home/blake/ti/ti-cgt-arm_16.9.6.LTS/bin/armofd
Unpacking /home/blake/ti/ti-cgt-arm_16.9.6.LTS/bin/armdis
Unpacking /home/blake/ti/ti-cgt-arm_16.9.6.LTS/bin/armnm
Unpacking /home/blake/ti/ti-cgt-arm_16.9.6.LTS/bin/armcg
Unpacking /home/blake/ti/ti-cgt-arm_16.9.6.LTS/bin/armstrip
Unpacking /home/blake/ti/ti-cgt-arm_16.9.6.LTS/bin/armasm
Unpacking /home/blake/ti/ti-cgt-arm_16.9.6.LTS/bin/armhex
Unpacking /home/blake/ti/ti-cgt-arm_16.9.6.LTS/bin/armilk
Unpacking /home/blake/ti/ti-cgt-arm_16.9.6.LTS/bin/armpprof
Creating Uninstaller
Creating uninstaller 25%
Creating uninstaller 50%
Creating uninstaller 75%
Creating uninstaller 100%
Installation completed
Log finished 06/17/2021 at 10:01:39
